2025-02-11 10:55:02	error	scheduler/grpc_client.go:83	rpc error: code = Unavailable desc = connection error: desc = "transport: Error while dialing: dial tcp 127.0.0.1:50051: connectex: No connection could be made because the target machine actively refused it."
go-tasks/internal/scheduler.ProcessStart
	D:/Workspace/go/go-tasks/internal/scheduler/grpc_client.go:83
go-tasks/internal/scheduler.ProcessCheck
	D:/Workspace/go/go-tasks/internal/scheduler/process.go:48
github.com/robfig/cron/v3.FuncJob.Run
	D:/Workspace/go_path/pkg/mod/github.com/robfig/cron/v3@v3.0.1/cron.go:136
go-tasks/internal/scheduler.NewTaskScheduler.SkipIfStillRunning.func2.1
	D:/Workspace/go_path/pkg/mod/github.com/robfig/cron/v3@v3.0.1/chain.go:85
github.com/robfig/cron/v3.FuncJob.Run
	D:/Workspace/go_path/pkg/mod/github.com/robfig/cron/v3@v3.0.1/cron.go:136
go-tasks/internal/scheduler.NewTaskScheduler.Recover.func1.1
	D:/Workspace/go_path/pkg/mod/github.com/robfig/cron/v3@v3.0.1/chain.go:53
github.com/robfig/cron/v3.FuncJob.Run
	D:/Workspace/go_path/pkg/mod/github.com/robfig/cron/v3@v3.0.1/cron.go:136
github.com/robfig/cron/v3.(*Cron).startJob.func1
	D:/Workspace/go_path/pkg/mod/github.com/robfig/cron/v3@v3.0.1/cron.go:312

2025-02-11 11:00:02	error	scheduler/grpc_client.go:83	rpc error: code = Unavailable desc = connection error: desc = "transport: Error while dialing: dial tcp 127.0.0.1:50051: connectex: No connection could be made because the target machine actively refused it."
go-tasks/internal/scheduler.ProcessStart
	D:/Workspace/go/go-tasks/internal/scheduler/grpc_client.go:83
go-tasks/internal/scheduler.ProcessCheck
	D:/Workspace/go/go-tasks/internal/scheduler/process.go:48
github.com/robfig/cron/v3.FuncJob.Run
	D:/Workspace/go_path/pkg/mod/github.com/robfig/cron/v3@v3.0.1/cron.go:136
go-tasks/internal/scheduler.NewTaskScheduler.SkipIfStillRunning.func2.1
	D:/Workspace/go_path/pkg/mod/github.com/robfig/cron/v3@v3.0.1/chain.go:85
github.com/robfig/cron/v3.FuncJob.Run
	D:/Workspace/go_path/pkg/mod/github.com/robfig/cron/v3@v3.0.1/cron.go:136
go-tasks/internal/scheduler.NewTaskScheduler.Recover.func1.1
	D:/Workspace/go_path/pkg/mod/github.com/robfig/cron/v3@v3.0.1/chain.go:53
github.com/robfig/cron/v3.FuncJob.Run
	D:/Workspace/go_path/pkg/mod/github.com/robfig/cron/v3@v3.0.1/cron.go:136
github.com/robfig/cron/v3.(*Cron).startJob.func1
	D:/Workspace/go_path/pkg/mod/github.com/robfig/cron/v3@v3.0.1/cron.go:312

2025-02-11 11:05:02	error	scheduler/grpc_client.go:83	rpc error: code = Unavailable desc = connection error: desc = "transport: Error while dialing: dial tcp 127.0.0.1:50051: connectex: No connection could be made because the target machine actively refused it."
go-tasks/internal/scheduler.ProcessStart
	D:/Workspace/go/go-tasks/internal/scheduler/grpc_client.go:83
go-tasks/internal/scheduler.ProcessCheck
	D:/Workspace/go/go-tasks/internal/scheduler/process.go:48
github.com/robfig/cron/v3.FuncJob.Run
	D:/Workspace/go_path/pkg/mod/github.com/robfig/cron/v3@v3.0.1/cron.go:136
go-tasks/internal/scheduler.NewTaskScheduler.SkipIfStillRunning.func2.1
	D:/Workspace/go_path/pkg/mod/github.com/robfig/cron/v3@v3.0.1/chain.go:85
github.com/robfig/cron/v3.FuncJob.Run
	D:/Workspace/go_path/pkg/mod/github.com/robfig/cron/v3@v3.0.1/cron.go:136
go-tasks/internal/scheduler.NewTaskScheduler.Recover.func1.1
	D:/Workspace/go_path/pkg/mod/github.com/robfig/cron/v3@v3.0.1/chain.go:53
github.com/robfig/cron/v3.FuncJob.Run
	D:/Workspace/go_path/pkg/mod/github.com/robfig/cron/v3@v3.0.1/cron.go:136
github.com/robfig/cron/v3.(*Cron).startJob.func1
	D:/Workspace/go_path/pkg/mod/github.com/robfig/cron/v3@v3.0.1/cron.go:312

2025-02-11 11:10:02	error	scheduler/grpc_client.go:83	rpc error: code = Unavailable desc = connection error: desc = "transport: Error while dialing: dial tcp 127.0.0.1:50051: connectex: No connection could be made because the target machine actively refused it."
go-tasks/internal/scheduler.ProcessStart
	D:/Workspace/go/go-tasks/internal/scheduler/grpc_client.go:83
go-tasks/internal/scheduler.ProcessCheck
	D:/Workspace/go/go-tasks/internal/scheduler/process.go:48
github.com/robfig/cron/v3.FuncJob.Run
	D:/Workspace/go_path/pkg/mod/github.com/robfig/cron/v3@v3.0.1/cron.go:136
go-tasks/internal/scheduler.NewTaskScheduler.SkipIfStillRunning.func2.1
	D:/Workspace/go_path/pkg/mod/github.com/robfig/cron/v3@v3.0.1/chain.go:85
github.com/robfig/cron/v3.FuncJob.Run
	D:/Workspace/go_path/pkg/mod/github.com/robfig/cron/v3@v3.0.1/cron.go:136
go-tasks/internal/scheduler.NewTaskScheduler.Recover.func1.1
	D:/Workspace/go_path/pkg/mod/github.com/robfig/cron/v3@v3.0.1/chain.go:53
github.com/robfig/cron/v3.FuncJob.Run
	D:/Workspace/go_path/pkg/mod/github.com/robfig/cron/v3@v3.0.1/cron.go:136
github.com/robfig/cron/v3.(*Cron).startJob.func1
	D:/Workspace/go_path/pkg/mod/github.com/robfig/cron/v3@v3.0.1/cron.go:312

2025-02-11 11:15:02	error	scheduler/grpc_client.go:83	rpc error: code = Unavailable desc = connection error: desc = "transport: Error while dialing: dial tcp 127.0.0.1:50051: connectex: No connection could be made because the target machine actively refused it."
go-tasks/internal/scheduler.ProcessStart
	D:/Workspace/go/go-tasks/internal/scheduler/grpc_client.go:83
go-tasks/internal/scheduler.ProcessCheck
	D:/Workspace/go/go-tasks/internal/scheduler/process.go:48
github.com/robfig/cron/v3.FuncJob.Run
	D:/Workspace/go_path/pkg/mod/github.com/robfig/cron/v3@v3.0.1/cron.go:136
go-tasks/internal/scheduler.NewTaskScheduler.SkipIfStillRunning.func2.1
	D:/Workspace/go_path/pkg/mod/github.com/robfig/cron/v3@v3.0.1/chain.go:85
github.com/robfig/cron/v3.FuncJob.Run
	D:/Workspace/go_path/pkg/mod/github.com/robfig/cron/v3@v3.0.1/cron.go:136
go-tasks/internal/scheduler.NewTaskScheduler.Recover.func1.1
	D:/Workspace/go_path/pkg/mod/github.com/robfig/cron/v3@v3.0.1/chain.go:53
github.com/robfig/cron/v3.FuncJob.Run
	D:/Workspace/go_path/pkg/mod/github.com/robfig/cron/v3@v3.0.1/cron.go:136
github.com/robfig/cron/v3.(*Cron).startJob.func1
	D:/Workspace/go_path/pkg/mod/github.com/robfig/cron/v3@v3.0.1/cron.go:312

2025-02-11 11:20:02	error	scheduler/grpc_client.go:83	rpc error: code = Unavailable desc = connection error: desc = "transport: Error while dialing: dial tcp 127.0.0.1:50051: connectex: No connection could be made because the target machine actively refused it."
go-tasks/internal/scheduler.ProcessStart
	D:/Workspace/go/go-tasks/internal/scheduler/grpc_client.go:83
go-tasks/internal/scheduler.ProcessCheck
	D:/Workspace/go/go-tasks/internal/scheduler/process.go:48
github.com/robfig/cron/v3.FuncJob.Run
	D:/Workspace/go_path/pkg/mod/github.com/robfig/cron/v3@v3.0.1/cron.go:136
go-tasks/internal/scheduler.NewTaskScheduler.SkipIfStillRunning.func2.1
	D:/Workspace/go_path/pkg/mod/github.com/robfig/cron/v3@v3.0.1/chain.go:85
github.com/robfig/cron/v3.FuncJob.Run
	D:/Workspace/go_path/pkg/mod/github.com/robfig/cron/v3@v3.0.1/cron.go:136
go-tasks/internal/scheduler.NewTaskScheduler.Recover.func1.1
	D:/Workspace/go_path/pkg/mod/github.com/robfig/cron/v3@v3.0.1/chain.go:53
github.com/robfig/cron/v3.FuncJob.Run
	D:/Workspace/go_path/pkg/mod/github.com/robfig/cron/v3@v3.0.1/cron.go:136
github.com/robfig/cron/v3.(*Cron).startJob.func1
	D:/Workspace/go_path/pkg/mod/github.com/robfig/cron/v3@v3.0.1/cron.go:312

2025-02-11 11:25:02	error	scheduler/grpc_client.go:83	rpc error: code = Unavailable desc = connection error: desc = "transport: Error while dialing: dial tcp 127.0.0.1:50051: connectex: No connection could be made because the target machine actively refused it."
go-tasks/internal/scheduler.ProcessStart
	D:/Workspace/go/go-tasks/internal/scheduler/grpc_client.go:83
go-tasks/internal/scheduler.ProcessCheck
	D:/Workspace/go/go-tasks/internal/scheduler/process.go:48
github.com/robfig/cron/v3.FuncJob.Run
	D:/Workspace/go_path/pkg/mod/github.com/robfig/cron/v3@v3.0.1/cron.go:136
go-tasks/internal/scheduler.NewTaskScheduler.SkipIfStillRunning.func2.1
	D:/Workspace/go_path/pkg/mod/github.com/robfig/cron/v3@v3.0.1/chain.go:85
github.com/robfig/cron/v3.FuncJob.Run
	D:/Workspace/go_path/pkg/mod/github.com/robfig/cron/v3@v3.0.1/cron.go:136
go-tasks/internal/scheduler.NewTaskScheduler.Recover.func1.1
	D:/Workspace/go_path/pkg/mod/github.com/robfig/cron/v3@v3.0.1/chain.go:53
github.com/robfig/cron/v3.FuncJob.Run
	D:/Workspace/go_path/pkg/mod/github.com/robfig/cron/v3@v3.0.1/cron.go:136
github.com/robfig/cron/v3.(*Cron).startJob.func1
	D:/Workspace/go_path/pkg/mod/github.com/robfig/cron/v3@v3.0.1/cron.go:312

2025-02-11 11:30:02	error	scheduler/grpc_client.go:83	rpc error: code = Unavailable desc = connection error: desc = "transport: Error while dialing: dial tcp 127.0.0.1:50051: connectex: No connection could be made because the target machine actively refused it."
go-tasks/internal/scheduler.ProcessStart
	D:/Workspace/go/go-tasks/internal/scheduler/grpc_client.go:83
go-tasks/internal/scheduler.ProcessCheck
	D:/Workspace/go/go-tasks/internal/scheduler/process.go:48
github.com/robfig/cron/v3.FuncJob.Run
	D:/Workspace/go_path/pkg/mod/github.com/robfig/cron/v3@v3.0.1/cron.go:136
go-tasks/internal/scheduler.NewTaskScheduler.SkipIfStillRunning.func2.1
	D:/Workspace/go_path/pkg/mod/github.com/robfig/cron/v3@v3.0.1/chain.go:85
github.com/robfig/cron/v3.FuncJob.Run
	D:/Workspace/go_path/pkg/mod/github.com/robfig/cron/v3@v3.0.1/cron.go:136
go-tasks/internal/scheduler.NewTaskScheduler.Recover.func1.1
	D:/Workspace/go_path/pkg/mod/github.com/robfig/cron/v3@v3.0.1/chain.go:53
github.com/robfig/cron/v3.FuncJob.Run
	D:/Workspace/go_path/pkg/mod/github.com/robfig/cron/v3@v3.0.1/cron.go:136
github.com/robfig/cron/v3.(*Cron).startJob.func1
	D:/Workspace/go_path/pkg/mod/github.com/robfig/cron/v3@v3.0.1/cron.go:312

2025-02-11 11:35:02	error	scheduler/grpc_client.go:83	rpc error: code = Unavailable desc = connection error: desc = "transport: Error while dialing: dial tcp 127.0.0.1:50051: connectex: No connection could be made because the target machine actively refused it."
go-tasks/internal/scheduler.ProcessStart
	D:/Workspace/go/go-tasks/internal/scheduler/grpc_client.go:83
go-tasks/internal/scheduler.ProcessCheck
	D:/Workspace/go/go-tasks/internal/scheduler/process.go:48
github.com/robfig/cron/v3.FuncJob.Run
	D:/Workspace/go_path/pkg/mod/github.com/robfig/cron/v3@v3.0.1/cron.go:136
go-tasks/internal/scheduler.NewTaskScheduler.SkipIfStillRunning.func2.1
	D:/Workspace/go_path/pkg/mod/github.com/robfig/cron/v3@v3.0.1/chain.go:85
github.com/robfig/cron/v3.FuncJob.Run
	D:/Workspace/go_path/pkg/mod/github.com/robfig/cron/v3@v3.0.1/cron.go:136
go-tasks/internal/scheduler.NewTaskScheduler.Recover.func1.1
	D:/Workspace/go_path/pkg/mod/github.com/robfig/cron/v3@v3.0.1/chain.go:53
github.com/robfig/cron/v3.FuncJob.Run
	D:/Workspace/go_path/pkg/mod/github.com/robfig/cron/v3@v3.0.1/cron.go:136
github.com/robfig/cron/v3.(*Cron).startJob.func1
	D:/Workspace/go_path/pkg/mod/github.com/robfig/cron/v3@v3.0.1/cron.go:312

2025-02-11 11:40:02	error	scheduler/grpc_client.go:83	rpc error: code = Unavailable desc = connection error: desc = "transport: Error while dialing: dial tcp 127.0.0.1:50051: connectex: No connection could be made because the target machine actively refused it."
go-tasks/internal/scheduler.ProcessStart
	D:/Workspace/go/go-tasks/internal/scheduler/grpc_client.go:83
go-tasks/internal/scheduler.ProcessCheck
	D:/Workspace/go/go-tasks/internal/scheduler/process.go:48
github.com/robfig/cron/v3.FuncJob.Run
	D:/Workspace/go_path/pkg/mod/github.com/robfig/cron/v3@v3.0.1/cron.go:136
go-tasks/internal/scheduler.NewTaskScheduler.SkipIfStillRunning.func2.1
	D:/Workspace/go_path/pkg/mod/github.com/robfig/cron/v3@v3.0.1/chain.go:85
github.com/robfig/cron/v3.FuncJob.Run
	D:/Workspace/go_path/pkg/mod/github.com/robfig/cron/v3@v3.0.1/cron.go:136
go-tasks/internal/scheduler.NewTaskScheduler.Recover.func1.1
	D:/Workspace/go_path/pkg/mod/github.com/robfig/cron/v3@v3.0.1/chain.go:53
github.com/robfig/cron/v3.FuncJob.Run
	D:/Workspace/go_path/pkg/mod/github.com/robfig/cron/v3@v3.0.1/cron.go:136
github.com/robfig/cron/v3.(*Cron).startJob.func1
	D:/Workspace/go_path/pkg/mod/github.com/robfig/cron/v3@v3.0.1/cron.go:312

2025-02-11 11:45:02	error	scheduler/grpc_client.go:83	rpc error: code = Unavailable desc = connection error: desc = "transport: Error while dialing: dial tcp 127.0.0.1:50051: connectex: No connection could be made because the target machine actively refused it."
go-tasks/internal/scheduler.ProcessStart
	D:/Workspace/go/go-tasks/internal/scheduler/grpc_client.go:83
go-tasks/internal/scheduler.ProcessCheck
	D:/Workspace/go/go-tasks/internal/scheduler/process.go:48
github.com/robfig/cron/v3.FuncJob.Run
	D:/Workspace/go_path/pkg/mod/github.com/robfig/cron/v3@v3.0.1/cron.go:136
go-tasks/internal/scheduler.NewTaskScheduler.SkipIfStillRunning.func2.1
	D:/Workspace/go_path/pkg/mod/github.com/robfig/cron/v3@v3.0.1/chain.go:85
github.com/robfig/cron/v3.FuncJob.Run
	D:/Workspace/go_path/pkg/mod/github.com/robfig/cron/v3@v3.0.1/cron.go:136
go-tasks/internal/scheduler.NewTaskScheduler.Recover.func1.1
	D:/Workspace/go_path/pkg/mod/github.com/robfig/cron/v3@v3.0.1/chain.go:53
github.com/robfig/cron/v3.FuncJob.Run
	D:/Workspace/go_path/pkg/mod/github.com/robfig/cron/v3@v3.0.1/cron.go:136
github.com/robfig/cron/v3.(*Cron).startJob.func1
	D:/Workspace/go_path/pkg/mod/github.com/robfig/cron/v3@v3.0.1/cron.go:312

2025-02-11 11:50:02	error	scheduler/grpc_client.go:83	rpc error: code = Unavailable desc = connection error: desc = "transport: Error while dialing: dial tcp 127.0.0.1:50051: connectex: No connection could be made because the target machine actively refused it."
go-tasks/internal/scheduler.ProcessStart
	D:/Workspace/go/go-tasks/internal/scheduler/grpc_client.go:83
go-tasks/internal/scheduler.ProcessCheck
	D:/Workspace/go/go-tasks/internal/scheduler/process.go:48
github.com/robfig/cron/v3.FuncJob.Run
	D:/Workspace/go_path/pkg/mod/github.com/robfig/cron/v3@v3.0.1/cron.go:136
go-tasks/internal/scheduler.NewTaskScheduler.SkipIfStillRunning.func2.1
	D:/Workspace/go_path/pkg/mod/github.com/robfig/cron/v3@v3.0.1/chain.go:85
github.com/robfig/cron/v3.FuncJob.Run
	D:/Workspace/go_path/pkg/mod/github.com/robfig/cron/v3@v3.0.1/cron.go:136
go-tasks/internal/scheduler.NewTaskScheduler.Recover.func1.1
	D:/Workspace/go_path/pkg/mod/github.com/robfig/cron/v3@v3.0.1/chain.go:53
github.com/robfig/cron/v3.FuncJob.Run
	D:/Workspace/go_path/pkg/mod/github.com/robfig/cron/v3@v3.0.1/cron.go:136
github.com/robfig/cron/v3.(*Cron).startJob.func1
	D:/Workspace/go_path/pkg/mod/github.com/robfig/cron/v3@v3.0.1/cron.go:312

2025-02-11 11:55:02	error	scheduler/grpc_client.go:83	rpc error: code = Unavailable desc = connection error: desc = "transport: Error while dialing: dial tcp 127.0.0.1:50051: connectex: No connection could be made because the target machine actively refused it."
go-tasks/internal/scheduler.ProcessStart
	D:/Workspace/go/go-tasks/internal/scheduler/grpc_client.go:83
go-tasks/internal/scheduler.ProcessCheck
	D:/Workspace/go/go-tasks/internal/scheduler/process.go:48
github.com/robfig/cron/v3.FuncJob.Run
	D:/Workspace/go_path/pkg/mod/github.com/robfig/cron/v3@v3.0.1/cron.go:136
go-tasks/internal/scheduler.NewTaskScheduler.SkipIfStillRunning.func2.1
	D:/Workspace/go_path/pkg/mod/github.com/robfig/cron/v3@v3.0.1/chain.go:85
github.com/robfig/cron/v3.FuncJob.Run
	D:/Workspace/go_path/pkg/mod/github.com/robfig/cron/v3@v3.0.1/cron.go:136
go-tasks/internal/scheduler.NewTaskScheduler.Recover.func1.1
	D:/Workspace/go_path/pkg/mod/github.com/robfig/cron/v3@v3.0.1/chain.go:53
github.com/robfig/cron/v3.FuncJob.Run
	D:/Workspace/go_path/pkg/mod/github.com/robfig/cron/v3@v3.0.1/cron.go:136
github.com/robfig/cron/v3.(*Cron).startJob.func1
	D:/Workspace/go_path/pkg/mod/github.com/robfig/cron/v3@v3.0.1/cron.go:312

2025-02-11 12:00:02	error	scheduler/grpc_client.go:83	rpc error: code = Unavailable desc = connection error: desc = "transport: Error while dialing: dial tcp 127.0.0.1:50051: connectex: No connection could be made because the target machine actively refused it."
go-tasks/internal/scheduler.ProcessStart
	D:/Workspace/go/go-tasks/internal/scheduler/grpc_client.go:83
go-tasks/internal/scheduler.ProcessCheck
	D:/Workspace/go/go-tasks/internal/scheduler/process.go:48
github.com/robfig/cron/v3.FuncJob.Run
	D:/Workspace/go_path/pkg/mod/github.com/robfig/cron/v3@v3.0.1/cron.go:136
go-tasks/internal/scheduler.NewTaskScheduler.SkipIfStillRunning.func2.1
	D:/Workspace/go_path/pkg/mod/github.com/robfig/cron/v3@v3.0.1/chain.go:85
github.com/robfig/cron/v3.FuncJob.Run
	D:/Workspace/go_path/pkg/mod/github.com/robfig/cron/v3@v3.0.1/cron.go:136
go-tasks/internal/scheduler.NewTaskScheduler.Recover.func1.1
	D:/Workspace/go_path/pkg/mod/github.com/robfig/cron/v3@v3.0.1/chain.go:53
github.com/robfig/cron/v3.FuncJob.Run
	D:/Workspace/go_path/pkg/mod/github.com/robfig/cron/v3@v3.0.1/cron.go:136
github.com/robfig/cron/v3.(*Cron).startJob.func1
	D:/Workspace/go_path/pkg/mod/github.com/robfig/cron/v3@v3.0.1/cron.go:312

2025-02-11 12:05:02	error	scheduler/grpc_client.go:83	rpc error: code = Unavailable desc = connection error: desc = "transport: Error while dialing: dial tcp 127.0.0.1:50051: connectex: No connection could be made because the target machine actively refused it."
go-tasks/internal/scheduler.ProcessStart
	D:/Workspace/go/go-tasks/internal/scheduler/grpc_client.go:83
go-tasks/internal/scheduler.ProcessCheck
	D:/Workspace/go/go-tasks/internal/scheduler/process.go:48
github.com/robfig/cron/v3.FuncJob.Run
	D:/Workspace/go_path/pkg/mod/github.com/robfig/cron/v3@v3.0.1/cron.go:136
go-tasks/internal/scheduler.NewTaskScheduler.SkipIfStillRunning.func2.1
	D:/Workspace/go_path/pkg/mod/github.com/robfig/cron/v3@v3.0.1/chain.go:85
github.com/robfig/cron/v3.FuncJob.Run
	D:/Workspace/go_path/pkg/mod/github.com/robfig/cron/v3@v3.0.1/cron.go:136
go-tasks/internal/scheduler.NewTaskScheduler.Recover.func1.1
	D:/Workspace/go_path/pkg/mod/github.com/robfig/cron/v3@v3.0.1/chain.go:53
github.com/robfig/cron/v3.FuncJob.Run
	D:/Workspace/go_path/pkg/mod/github.com/robfig/cron/v3@v3.0.1/cron.go:136
github.com/robfig/cron/v3.(*Cron).startJob.func1
	D:/Workspace/go_path/pkg/mod/github.com/robfig/cron/v3@v3.0.1/cron.go:312

2025-02-11 12:10:02	error	scheduler/grpc_client.go:83	rpc error: code = Unavailable desc = connection error: desc = "transport: Error while dialing: dial tcp 127.0.0.1:50051: connectex: No connection could be made because the target machine actively refused it."
go-tasks/internal/scheduler.ProcessStart
	D:/Workspace/go/go-tasks/internal/scheduler/grpc_client.go:83
go-tasks/internal/scheduler.ProcessCheck
	D:/Workspace/go/go-tasks/internal/scheduler/process.go:48
github.com/robfig/cron/v3.FuncJob.Run
	D:/Workspace/go_path/pkg/mod/github.com/robfig/cron/v3@v3.0.1/cron.go:136
go-tasks/internal/scheduler.NewTaskScheduler.SkipIfStillRunning.func2.1
	D:/Workspace/go_path/pkg/mod/github.com/robfig/cron/v3@v3.0.1/chain.go:85
github.com/robfig/cron/v3.FuncJob.Run
	D:/Workspace/go_path/pkg/mod/github.com/robfig/cron/v3@v3.0.1/cron.go:136
go-tasks/internal/scheduler.NewTaskScheduler.Recover.func1.1
	D:/Workspace/go_path/pkg/mod/github.com/robfig/cron/v3@v3.0.1/chain.go:53
github.com/robfig/cron/v3.FuncJob.Run
	D:/Workspace/go_path/pkg/mod/github.com/robfig/cron/v3@v3.0.1/cron.go:136
github.com/robfig/cron/v3.(*Cron).startJob.func1
	D:/Workspace/go_path/pkg/mod/github.com/robfig/cron/v3@v3.0.1/cron.go:312

2025-02-11 12:15:02	error	scheduler/grpc_client.go:83	rpc error: code = Unavailable desc = connection error: desc = "transport: Error while dialing: dial tcp 127.0.0.1:50051: connectex: No connection could be made because the target machine actively refused it."
go-tasks/internal/scheduler.ProcessStart
	D:/Workspace/go/go-tasks/internal/scheduler/grpc_client.go:83
go-tasks/internal/scheduler.ProcessCheck
	D:/Workspace/go/go-tasks/internal/scheduler/process.go:48
github.com/robfig/cron/v3.FuncJob.Run
	D:/Workspace/go_path/pkg/mod/github.com/robfig/cron/v3@v3.0.1/cron.go:136
go-tasks/internal/scheduler.NewTaskScheduler.SkipIfStillRunning.func2.1
	D:/Workspace/go_path/pkg/mod/github.com/robfig/cron/v3@v3.0.1/chain.go:85
github.com/robfig/cron/v3.FuncJob.Run
	D:/Workspace/go_path/pkg/mod/github.com/robfig/cron/v3@v3.0.1/cron.go:136
go-tasks/internal/scheduler.NewTaskScheduler.Recover.func1.1
	D:/Workspace/go_path/pkg/mod/github.com/robfig/cron/v3@v3.0.1/chain.go:53
github.com/robfig/cron/v3.FuncJob.Run
	D:/Workspace/go_path/pkg/mod/github.com/robfig/cron/v3@v3.0.1/cron.go:136
github.com/robfig/cron/v3.(*Cron).startJob.func1
	D:/Workspace/go_path/pkg/mod/github.com/robfig/cron/v3@v3.0.1/cron.go:312

2025-02-11 12:20:02	error	scheduler/grpc_client.go:83	rpc error: code = Unavailable desc = connection error: desc = "transport: Error while dialing: dial tcp 127.0.0.1:50051: connectex: No connection could be made because the target machine actively refused it."
go-tasks/internal/scheduler.ProcessStart
	D:/Workspace/go/go-tasks/internal/scheduler/grpc_client.go:83
go-tasks/internal/scheduler.ProcessCheck
	D:/Workspace/go/go-tasks/internal/scheduler/process.go:48
github.com/robfig/cron/v3.FuncJob.Run
	D:/Workspace/go_path/pkg/mod/github.com/robfig/cron/v3@v3.0.1/cron.go:136
go-tasks/internal/scheduler.NewTaskScheduler.SkipIfStillRunning.func2.1
	D:/Workspace/go_path/pkg/mod/github.com/robfig/cron/v3@v3.0.1/chain.go:85
github.com/robfig/cron/v3.FuncJob.Run
	D:/Workspace/go_path/pkg/mod/github.com/robfig/cron/v3@v3.0.1/cron.go:136
go-tasks/internal/scheduler.NewTaskScheduler.Recover.func1.1
	D:/Workspace/go_path/pkg/mod/github.com/robfig/cron/v3@v3.0.1/chain.go:53
github.com/robfig/cron/v3.FuncJob.Run
	D:/Workspace/go_path/pkg/mod/github.com/robfig/cron/v3@v3.0.1/cron.go:136
github.com/robfig/cron/v3.(*Cron).startJob.func1
	D:/Workspace/go_path/pkg/mod/github.com/robfig/cron/v3@v3.0.1/cron.go:312

2025-02-11 12:25:02	error	scheduler/grpc_client.go:83	rpc error: code = Unavailable desc = connection error: desc = "transport: Error while dialing: dial tcp 127.0.0.1:50051: connectex: No connection could be made because the target machine actively refused it."
go-tasks/internal/scheduler.ProcessStart
	D:/Workspace/go/go-tasks/internal/scheduler/grpc_client.go:83
go-tasks/internal/scheduler.ProcessCheck
	D:/Workspace/go/go-tasks/internal/scheduler/process.go:48
github.com/robfig/cron/v3.FuncJob.Run
	D:/Workspace/go_path/pkg/mod/github.com/robfig/cron/v3@v3.0.1/cron.go:136
go-tasks/internal/scheduler.NewTaskScheduler.SkipIfStillRunning.func2.1
	D:/Workspace/go_path/pkg/mod/github.com/robfig/cron/v3@v3.0.1/chain.go:85
github.com/robfig/cron/v3.FuncJob.Run
	D:/Workspace/go_path/pkg/mod/github.com/robfig/cron/v3@v3.0.1/cron.go:136
go-tasks/internal/scheduler.NewTaskScheduler.Recover.func1.1
	D:/Workspace/go_path/pkg/mod/github.com/robfig/cron/v3@v3.0.1/chain.go:53
github.com/robfig/cron/v3.FuncJob.Run
	D:/Workspace/go_path/pkg/mod/github.com/robfig/cron/v3@v3.0.1/cron.go:136
github.com/robfig/cron/v3.(*Cron).startJob.func1
	D:/Workspace/go_path/pkg/mod/github.com/robfig/cron/v3@v3.0.1/cron.go:312

2025-02-11 12:30:02	error	scheduler/grpc_client.go:83	rpc error: code = Unavailable desc = connection error: desc = "transport: Error while dialing: dial tcp 127.0.0.1:50051: connectex: No connection could be made because the target machine actively refused it."
go-tasks/internal/scheduler.ProcessStart
	D:/Workspace/go/go-tasks/internal/scheduler/grpc_client.go:83
go-tasks/internal/scheduler.ProcessCheck
	D:/Workspace/go/go-tasks/internal/scheduler/process.go:48
github.com/robfig/cron/v3.FuncJob.Run
	D:/Workspace/go_path/pkg/mod/github.com/robfig/cron/v3@v3.0.1/cron.go:136
go-tasks/internal/scheduler.NewTaskScheduler.SkipIfStillRunning.func2.1
	D:/Workspace/go_path/pkg/mod/github.com/robfig/cron/v3@v3.0.1/chain.go:85
github.com/robfig/cron/v3.FuncJob.Run
	D:/Workspace/go_path/pkg/mod/github.com/robfig/cron/v3@v3.0.1/cron.go:136
go-tasks/internal/scheduler.NewTaskScheduler.Recover.func1.1
	D:/Workspace/go_path/pkg/mod/github.com/robfig/cron/v3@v3.0.1/chain.go:53
github.com/robfig/cron/v3.FuncJob.Run
	D:/Workspace/go_path/pkg/mod/github.com/robfig/cron/v3@v3.0.1/cron.go:136
github.com/robfig/cron/v3.(*Cron).startJob.func1
	D:/Workspace/go_path/pkg/mod/github.com/robfig/cron/v3@v3.0.1/cron.go:312

2025-02-11 12:35:02	error	scheduler/grpc_client.go:83	rpc error: code = Unavailable desc = connection error: desc = "transport: Error while dialing: dial tcp 127.0.0.1:50051: connectex: No connection could be made because the target machine actively refused it."
go-tasks/internal/scheduler.ProcessStart
	D:/Workspace/go/go-tasks/internal/scheduler/grpc_client.go:83
go-tasks/internal/scheduler.ProcessCheck
	D:/Workspace/go/go-tasks/internal/scheduler/process.go:48
github.com/robfig/cron/v3.FuncJob.Run
	D:/Workspace/go_path/pkg/mod/github.com/robfig/cron/v3@v3.0.1/cron.go:136
go-tasks/internal/scheduler.NewTaskScheduler.SkipIfStillRunning.func2.1
	D:/Workspace/go_path/pkg/mod/github.com/robfig/cron/v3@v3.0.1/chain.go:85
github.com/robfig/cron/v3.FuncJob.Run
	D:/Workspace/go_path/pkg/mod/github.com/robfig/cron/v3@v3.0.1/cron.go:136
go-tasks/internal/scheduler.NewTaskScheduler.Recover.func1.1
	D:/Workspace/go_path/pkg/mod/github.com/robfig/cron/v3@v3.0.1/chain.go:53
github.com/robfig/cron/v3.FuncJob.Run
	D:/Workspace/go_path/pkg/mod/github.com/robfig/cron/v3@v3.0.1/cron.go:136
github.com/robfig/cron/v3.(*Cron).startJob.func1
	D:/Workspace/go_path/pkg/mod/github.com/robfig/cron/v3@v3.0.1/cron.go:312

2025-02-11 12:40:02	error	scheduler/grpc_client.go:83	rpc error: code = Unavailable desc = connection error: desc = "transport: Error while dialing: dial tcp 127.0.0.1:50051: connectex: No connection could be made because the target machine actively refused it."
go-tasks/internal/scheduler.ProcessStart
	D:/Workspace/go/go-tasks/internal/scheduler/grpc_client.go:83
go-tasks/internal/scheduler.ProcessCheck
	D:/Workspace/go/go-tasks/internal/scheduler/process.go:48
github.com/robfig/cron/v3.FuncJob.Run
	D:/Workspace/go_path/pkg/mod/github.com/robfig/cron/v3@v3.0.1/cron.go:136
go-tasks/internal/scheduler.NewTaskScheduler.SkipIfStillRunning.func2.1
	D:/Workspace/go_path/pkg/mod/github.com/robfig/cron/v3@v3.0.1/chain.go:85
github.com/robfig/cron/v3.FuncJob.Run
	D:/Workspace/go_path/pkg/mod/github.com/robfig/cron/v3@v3.0.1/cron.go:136
go-tasks/internal/scheduler.NewTaskScheduler.Recover.func1.1
	D:/Workspace/go_path/pkg/mod/github.com/robfig/cron/v3@v3.0.1/chain.go:53
github.com/robfig/cron/v3.FuncJob.Run
	D:/Workspace/go_path/pkg/mod/github.com/robfig/cron/v3@v3.0.1/cron.go:136
github.com/robfig/cron/v3.(*Cron).startJob.func1
	D:/Workspace/go_path/pkg/mod/github.com/robfig/cron/v3@v3.0.1/cron.go:312

2025-02-11 12:45:02	error	scheduler/grpc_client.go:83	rpc error: code = Unavailable desc = connection error: desc = "transport: Error while dialing: dial tcp 127.0.0.1:50051: connectex: No connection could be made because the target machine actively refused it."
go-tasks/internal/scheduler.ProcessStart
	D:/Workspace/go/go-tasks/internal/scheduler/grpc_client.go:83
go-tasks/internal/scheduler.ProcessCheck
	D:/Workspace/go/go-tasks/internal/scheduler/process.go:48
github.com/robfig/cron/v3.FuncJob.Run
	D:/Workspace/go_path/pkg/mod/github.com/robfig/cron/v3@v3.0.1/cron.go:136
go-tasks/internal/scheduler.NewTaskScheduler.SkipIfStillRunning.func2.1
	D:/Workspace/go_path/pkg/mod/github.com/robfig/cron/v3@v3.0.1/chain.go:85
github.com/robfig/cron/v3.FuncJob.Run
	D:/Workspace/go_path/pkg/mod/github.com/robfig/cron/v3@v3.0.1/cron.go:136
go-tasks/internal/scheduler.NewTaskScheduler.Recover.func1.1
	D:/Workspace/go_path/pkg/mod/github.com/robfig/cron/v3@v3.0.1/chain.go:53
github.com/robfig/cron/v3.FuncJob.Run
	D:/Workspace/go_path/pkg/mod/github.com/robfig/cron/v3@v3.0.1/cron.go:136
github.com/robfig/cron/v3.(*Cron).startJob.func1
	D:/Workspace/go_path/pkg/mod/github.com/robfig/cron/v3@v3.0.1/cron.go:312

2025-02-11 12:50:02	error	scheduler/grpc_client.go:83	rpc error: code = Unavailable desc = connection error: desc = "transport: Error while dialing: dial tcp 127.0.0.1:50051: connectex: No connection could be made because the target machine actively refused it."
go-tasks/internal/scheduler.ProcessStart
	D:/Workspace/go/go-tasks/internal/scheduler/grpc_client.go:83
go-tasks/internal/scheduler.ProcessCheck
	D:/Workspace/go/go-tasks/internal/scheduler/process.go:48
github.com/robfig/cron/v3.FuncJob.Run
	D:/Workspace/go_path/pkg/mod/github.com/robfig/cron/v3@v3.0.1/cron.go:136
go-tasks/internal/scheduler.NewTaskScheduler.SkipIfStillRunning.func2.1
	D:/Workspace/go_path/pkg/mod/github.com/robfig/cron/v3@v3.0.1/chain.go:85
github.com/robfig/cron/v3.FuncJob.Run
	D:/Workspace/go_path/pkg/mod/github.com/robfig/cron/v3@v3.0.1/cron.go:136
go-tasks/internal/scheduler.NewTaskScheduler.Recover.func1.1
	D:/Workspace/go_path/pkg/mod/github.com/robfig/cron/v3@v3.0.1/chain.go:53
github.com/robfig/cron/v3.FuncJob.Run
	D:/Workspace/go_path/pkg/mod/github.com/robfig/cron/v3@v3.0.1/cron.go:136
github.com/robfig/cron/v3.(*Cron).startJob.func1
	D:/Workspace/go_path/pkg/mod/github.com/robfig/cron/v3@v3.0.1/cron.go:312

2025-02-11 12:55:02	error	scheduler/grpc_client.go:83	rpc error: code = Unavailable desc = connection error: desc = "transport: Error while dialing: dial tcp 127.0.0.1:50051: connectex: No connection could be made because the target machine actively refused it."
go-tasks/internal/scheduler.ProcessStart
	D:/Workspace/go/go-tasks/internal/scheduler/grpc_client.go:83
go-tasks/internal/scheduler.ProcessCheck
	D:/Workspace/go/go-tasks/internal/scheduler/process.go:48
github.com/robfig/cron/v3.FuncJob.Run
	D:/Workspace/go_path/pkg/mod/github.com/robfig/cron/v3@v3.0.1/cron.go:136
go-tasks/internal/scheduler.NewTaskScheduler.SkipIfStillRunning.func2.1
	D:/Workspace/go_path/pkg/mod/github.com/robfig/cron/v3@v3.0.1/chain.go:85
github.com/robfig/cron/v3.FuncJob.Run
	D:/Workspace/go_path/pkg/mod/github.com/robfig/cron/v3@v3.0.1/cron.go:136
go-tasks/internal/scheduler.NewTaskScheduler.Recover.func1.1
	D:/Workspace/go_path/pkg/mod/github.com/robfig/cron/v3@v3.0.1/chain.go:53
github.com/robfig/cron/v3.FuncJob.Run
	D:/Workspace/go_path/pkg/mod/github.com/robfig/cron/v3@v3.0.1/cron.go:136
github.com/robfig/cron/v3.(*Cron).startJob.func1
	D:/Workspace/go_path/pkg/mod/github.com/robfig/cron/v3@v3.0.1/cron.go:312

2025-02-11 13:00:02	error	scheduler/grpc_client.go:83	rpc error: code = Unavailable desc = connection error: desc = "transport: Error while dialing: dial tcp 127.0.0.1:50051: connectex: No connection could be made because the target machine actively refused it."
go-tasks/internal/scheduler.ProcessStart
	D:/Workspace/go/go-tasks/internal/scheduler/grpc_client.go:83
go-tasks/internal/scheduler.ProcessCheck
	D:/Workspace/go/go-tasks/internal/scheduler/process.go:48
github.com/robfig/cron/v3.FuncJob.Run
	D:/Workspace/go_path/pkg/mod/github.com/robfig/cron/v3@v3.0.1/cron.go:136
go-tasks/internal/scheduler.NewTaskScheduler.SkipIfStillRunning.func2.1
	D:/Workspace/go_path/pkg/mod/github.com/robfig/cron/v3@v3.0.1/chain.go:85
github.com/robfig/cron/v3.FuncJob.Run
	D:/Workspace/go_path/pkg/mod/github.com/robfig/cron/v3@v3.0.1/cron.go:136
go-tasks/internal/scheduler.NewTaskScheduler.Recover.func1.1
	D:/Workspace/go_path/pkg/mod/github.com/robfig/cron/v3@v3.0.1/chain.go:53
github.com/robfig/cron/v3.FuncJob.Run
	D:/Workspace/go_path/pkg/mod/github.com/robfig/cron/v3@v3.0.1/cron.go:136
github.com/robfig/cron/v3.(*Cron).startJob.func1
	D:/Workspace/go_path/pkg/mod/github.com/robfig/cron/v3@v3.0.1/cron.go:312

2025-02-11 13:05:02	error	scheduler/grpc_client.go:83	rpc error: code = Unavailable desc = connection error: desc = "transport: Error while dialing: dial tcp 127.0.0.1:50051: connectex: No connection could be made because the target machine actively refused it."
go-tasks/internal/scheduler.ProcessStart
	D:/Workspace/go/go-tasks/internal/scheduler/grpc_client.go:83
go-tasks/internal/scheduler.ProcessCheck
	D:/Workspace/go/go-tasks/internal/scheduler/process.go:48
github.com/robfig/cron/v3.FuncJob.Run
	D:/Workspace/go_path/pkg/mod/github.com/robfig/cron/v3@v3.0.1/cron.go:136
go-tasks/internal/scheduler.NewTaskScheduler.SkipIfStillRunning.func2.1
	D:/Workspace/go_path/pkg/mod/github.com/robfig/cron/v3@v3.0.1/chain.go:85
github.com/robfig/cron/v3.FuncJob.Run
	D:/Workspace/go_path/pkg/mod/github.com/robfig/cron/v3@v3.0.1/cron.go:136
go-tasks/internal/scheduler.NewTaskScheduler.Recover.func1.1
	D:/Workspace/go_path/pkg/mod/github.com/robfig/cron/v3@v3.0.1/chain.go:53
github.com/robfig/cron/v3.FuncJob.Run
	D:/Workspace/go_path/pkg/mod/github.com/robfig/cron/v3@v3.0.1/cron.go:136
github.com/robfig/cron/v3.(*Cron).startJob.func1
	D:/Workspace/go_path/pkg/mod/github.com/robfig/cron/v3@v3.0.1/cron.go:312

2025-02-11 13:10:02	error	scheduler/grpc_client.go:83	rpc error: code = Unavailable desc = connection error: desc = "transport: Error while dialing: dial tcp 127.0.0.1:50051: connectex: No connection could be made because the target machine actively refused it."
go-tasks/internal/scheduler.ProcessStart
	D:/Workspace/go/go-tasks/internal/scheduler/grpc_client.go:83
go-tasks/internal/scheduler.ProcessCheck
	D:/Workspace/go/go-tasks/internal/scheduler/process.go:48
github.com/robfig/cron/v3.FuncJob.Run
	D:/Workspace/go_path/pkg/mod/github.com/robfig/cron/v3@v3.0.1/cron.go:136
go-tasks/internal/scheduler.NewTaskScheduler.SkipIfStillRunning.func2.1
	D:/Workspace/go_path/pkg/mod/github.com/robfig/cron/v3@v3.0.1/chain.go:85
github.com/robfig/cron/v3.FuncJob.Run
	D:/Workspace/go_path/pkg/mod/github.com/robfig/cron/v3@v3.0.1/cron.go:136
go-tasks/internal/scheduler.NewTaskScheduler.Recover.func1.1
	D:/Workspace/go_path/pkg/mod/github.com/robfig/cron/v3@v3.0.1/chain.go:53
github.com/robfig/cron/v3.FuncJob.Run
	D:/Workspace/go_path/pkg/mod/github.com/robfig/cron/v3@v3.0.1/cron.go:136
github.com/robfig/cron/v3.(*Cron).startJob.func1
	D:/Workspace/go_path/pkg/mod/github.com/robfig/cron/v3@v3.0.1/cron.go:312

2025-02-11 13:15:02	error	scheduler/grpc_client.go:83	rpc error: code = Unavailable desc = connection error: desc = "transport: Error while dialing: dial tcp 127.0.0.1:50051: connectex: No connection could be made because the target machine actively refused it."
go-tasks/internal/scheduler.ProcessStart
	D:/Workspace/go/go-tasks/internal/scheduler/grpc_client.go:83
go-tasks/internal/scheduler.ProcessCheck
	D:/Workspace/go/go-tasks/internal/scheduler/process.go:48
github.com/robfig/cron/v3.FuncJob.Run
	D:/Workspace/go_path/pkg/mod/github.com/robfig/cron/v3@v3.0.1/cron.go:136
go-tasks/internal/scheduler.NewTaskScheduler.SkipIfStillRunning.func2.1
	D:/Workspace/go_path/pkg/mod/github.com/robfig/cron/v3@v3.0.1/chain.go:85
github.com/robfig/cron/v3.FuncJob.Run
	D:/Workspace/go_path/pkg/mod/github.com/robfig/cron/v3@v3.0.1/cron.go:136
go-tasks/internal/scheduler.NewTaskScheduler.Recover.func1.1
	D:/Workspace/go_path/pkg/mod/github.com/robfig/cron/v3@v3.0.1/chain.go:53
github.com/robfig/cron/v3.FuncJob.Run
	D:/Workspace/go_path/pkg/mod/github.com/robfig/cron/v3@v3.0.1/cron.go:136
github.com/robfig/cron/v3.(*Cron).startJob.func1
	D:/Workspace/go_path/pkg/mod/github.com/robfig/cron/v3@v3.0.1/cron.go:312

2025-02-11 13:20:02	error	scheduler/grpc_client.go:83	rpc error: code = Unavailable desc = connection error: desc = "transport: Error while dialing: dial tcp 127.0.0.1:50051: connectex: No connection could be made because the target machine actively refused it."
go-tasks/internal/scheduler.ProcessStart
	D:/Workspace/go/go-tasks/internal/scheduler/grpc_client.go:83
go-tasks/internal/scheduler.ProcessCheck
	D:/Workspace/go/go-tasks/internal/scheduler/process.go:48
github.com/robfig/cron/v3.FuncJob.Run
	D:/Workspace/go_path/pkg/mod/github.com/robfig/cron/v3@v3.0.1/cron.go:136
go-tasks/internal/scheduler.NewTaskScheduler.SkipIfStillRunning.func2.1
	D:/Workspace/go_path/pkg/mod/github.com/robfig/cron/v3@v3.0.1/chain.go:85
github.com/robfig/cron/v3.FuncJob.Run
	D:/Workspace/go_path/pkg/mod/github.com/robfig/cron/v3@v3.0.1/cron.go:136
go-tasks/internal/scheduler.NewTaskScheduler.Recover.func1.1
	D:/Workspace/go_path/pkg/mod/github.com/robfig/cron/v3@v3.0.1/chain.go:53
github.com/robfig/cron/v3.FuncJob.Run
	D:/Workspace/go_path/pkg/mod/github.com/robfig/cron/v3@v3.0.1/cron.go:136
github.com/robfig/cron/v3.(*Cron).startJob.func1
	D:/Workspace/go_path/pkg/mod/github.com/robfig/cron/v3@v3.0.1/cron.go:312

2025-02-11 13:25:02	error	scheduler/grpc_client.go:83	rpc error: code = Unavailable desc = connection error: desc = "transport: Error while dialing: dial tcp 127.0.0.1:50051: connectex: No connection could be made because the target machine actively refused it."
go-tasks/internal/scheduler.ProcessStart
	D:/Workspace/go/go-tasks/internal/scheduler/grpc_client.go:83
go-tasks/internal/scheduler.ProcessCheck
	D:/Workspace/go/go-tasks/internal/scheduler/process.go:48
github.com/robfig/cron/v3.FuncJob.Run
	D:/Workspace/go_path/pkg/mod/github.com/robfig/cron/v3@v3.0.1/cron.go:136
go-tasks/internal/scheduler.NewTaskScheduler.SkipIfStillRunning.func2.1
	D:/Workspace/go_path/pkg/mod/github.com/robfig/cron/v3@v3.0.1/chain.go:85
github.com/robfig/cron/v3.FuncJob.Run
	D:/Workspace/go_path/pkg/mod/github.com/robfig/cron/v3@v3.0.1/cron.go:136
go-tasks/internal/scheduler.NewTaskScheduler.Recover.func1.1
	D:/Workspace/go_path/pkg/mod/github.com/robfig/cron/v3@v3.0.1/chain.go:53
github.com/robfig/cron/v3.FuncJob.Run
	D:/Workspace/go_path/pkg/mod/github.com/robfig/cron/v3@v3.0.1/cron.go:136
github.com/robfig/cron/v3.(*Cron).startJob.func1
	D:/Workspace/go_path/pkg/mod/github.com/robfig/cron/v3@v3.0.1/cron.go:312

2025-02-11 13:30:02	error	scheduler/grpc_client.go:83	rpc error: code = Unavailable desc = connection error: desc = "transport: Error while dialing: dial tcp 127.0.0.1:50051: connectex: No connection could be made because the target machine actively refused it."
go-tasks/internal/scheduler.ProcessStart
	D:/Workspace/go/go-tasks/internal/scheduler/grpc_client.go:83
go-tasks/internal/scheduler.ProcessCheck
	D:/Workspace/go/go-tasks/internal/scheduler/process.go:48
github.com/robfig/cron/v3.FuncJob.Run
	D:/Workspace/go_path/pkg/mod/github.com/robfig/cron/v3@v3.0.1/cron.go:136
go-tasks/internal/scheduler.NewTaskScheduler.SkipIfStillRunning.func2.1
	D:/Workspace/go_path/pkg/mod/github.com/robfig/cron/v3@v3.0.1/chain.go:85
github.com/robfig/cron/v3.FuncJob.Run
	D:/Workspace/go_path/pkg/mod/github.com/robfig/cron/v3@v3.0.1/cron.go:136
go-tasks/internal/scheduler.NewTaskScheduler.Recover.func1.1
	D:/Workspace/go_path/pkg/mod/github.com/robfig/cron/v3@v3.0.1/chain.go:53
github.com/robfig/cron/v3.FuncJob.Run
	D:/Workspace/go_path/pkg/mod/github.com/robfig/cron/v3@v3.0.1/cron.go:136
github.com/robfig/cron/v3.(*Cron).startJob.func1
	D:/Workspace/go_path/pkg/mod/github.com/robfig/cron/v3@v3.0.1/cron.go:312

2025-02-11 13:35:02	error	scheduler/grpc_client.go:83	rpc error: code = Unavailable desc = connection error: desc = "transport: Error while dialing: dial tcp 127.0.0.1:50051: connectex: No connection could be made because the target machine actively refused it."
go-tasks/internal/scheduler.ProcessStart
	D:/Workspace/go/go-tasks/internal/scheduler/grpc_client.go:83
go-tasks/internal/scheduler.ProcessCheck
	D:/Workspace/go/go-tasks/internal/scheduler/process.go:48
github.com/robfig/cron/v3.FuncJob.Run
	D:/Workspace/go_path/pkg/mod/github.com/robfig/cron/v3@v3.0.1/cron.go:136
go-tasks/internal/scheduler.NewTaskScheduler.SkipIfStillRunning.func2.1
	D:/Workspace/go_path/pkg/mod/github.com/robfig/cron/v3@v3.0.1/chain.go:85
github.com/robfig/cron/v3.FuncJob.Run
	D:/Workspace/go_path/pkg/mod/github.com/robfig/cron/v3@v3.0.1/cron.go:136
go-tasks/internal/scheduler.NewTaskScheduler.Recover.func1.1
	D:/Workspace/go_path/pkg/mod/github.com/robfig/cron/v3@v3.0.1/chain.go:53
github.com/robfig/cron/v3.FuncJob.Run
	D:/Workspace/go_path/pkg/mod/github.com/robfig/cron/v3@v3.0.1/cron.go:136
github.com/robfig/cron/v3.(*Cron).startJob.func1
	D:/Workspace/go_path/pkg/mod/github.com/robfig/cron/v3@v3.0.1/cron.go:312

2025-02-11 13:40:02	error	scheduler/grpc_client.go:83	rpc error: code = Unavailable desc = connection error: desc = "transport: Error while dialing: dial tcp 127.0.0.1:50051: connectex: No connection could be made because the target machine actively refused it."
go-tasks/internal/scheduler.ProcessStart
	D:/Workspace/go/go-tasks/internal/scheduler/grpc_client.go:83
go-tasks/internal/scheduler.ProcessCheck
	D:/Workspace/go/go-tasks/internal/scheduler/process.go:48
github.com/robfig/cron/v3.FuncJob.Run
	D:/Workspace/go_path/pkg/mod/github.com/robfig/cron/v3@v3.0.1/cron.go:136
go-tasks/internal/scheduler.NewTaskScheduler.SkipIfStillRunning.func2.1
	D:/Workspace/go_path/pkg/mod/github.com/robfig/cron/v3@v3.0.1/chain.go:85
github.com/robfig/cron/v3.FuncJob.Run
	D:/Workspace/go_path/pkg/mod/github.com/robfig/cron/v3@v3.0.1/cron.go:136
go-tasks/internal/scheduler.NewTaskScheduler.Recover.func1.1
	D:/Workspace/go_path/pkg/mod/github.com/robfig/cron/v3@v3.0.1/chain.go:53
github.com/robfig/cron/v3.FuncJob.Run
	D:/Workspace/go_path/pkg/mod/github.com/robfig/cron/v3@v3.0.1/cron.go:136
github.com/robfig/cron/v3.(*Cron).startJob.func1
	D:/Workspace/go_path/pkg/mod/github.com/robfig/cron/v3@v3.0.1/cron.go:312

2025-02-11 13:45:02	error	scheduler/grpc_client.go:83	rpc error: code = Unavailable desc = connection error: desc = "transport: Error while dialing: dial tcp 127.0.0.1:50051: connectex: No connection could be made because the target machine actively refused it."
go-tasks/internal/scheduler.ProcessStart
	D:/Workspace/go/go-tasks/internal/scheduler/grpc_client.go:83
go-tasks/internal/scheduler.ProcessCheck
	D:/Workspace/go/go-tasks/internal/scheduler/process.go:48
github.com/robfig/cron/v3.FuncJob.Run
	D:/Workspace/go_path/pkg/mod/github.com/robfig/cron/v3@v3.0.1/cron.go:136
go-tasks/internal/scheduler.NewTaskScheduler.SkipIfStillRunning.func2.1
	D:/Workspace/go_path/pkg/mod/github.com/robfig/cron/v3@v3.0.1/chain.go:85
github.com/robfig/cron/v3.FuncJob.Run
	D:/Workspace/go_path/pkg/mod/github.com/robfig/cron/v3@v3.0.1/cron.go:136
go-tasks/internal/scheduler.NewTaskScheduler.Recover.func1.1
	D:/Workspace/go_path/pkg/mod/github.com/robfig/cron/v3@v3.0.1/chain.go:53
github.com/robfig/cron/v3.FuncJob.Run
	D:/Workspace/go_path/pkg/mod/github.com/robfig/cron/v3@v3.0.1/cron.go:136
github.com/robfig/cron/v3.(*Cron).startJob.func1
	D:/Workspace/go_path/pkg/mod/github.com/robfig/cron/v3@v3.0.1/cron.go:312

2025-02-11 13:50:02	error	scheduler/grpc_client.go:83	rpc error: code = Unavailable desc = connection error: desc = "transport: Error while dialing: dial tcp 127.0.0.1:50051: connectex: No connection could be made because the target machine actively refused it."
go-tasks/internal/scheduler.ProcessStart
	D:/Workspace/go/go-tasks/internal/scheduler/grpc_client.go:83
go-tasks/internal/scheduler.ProcessCheck
	D:/Workspace/go/go-tasks/internal/scheduler/process.go:48
github.com/robfig/cron/v3.FuncJob.Run
	D:/Workspace/go_path/pkg/mod/github.com/robfig/cron/v3@v3.0.1/cron.go:136
go-tasks/internal/scheduler.NewTaskScheduler.SkipIfStillRunning.func2.1
	D:/Workspace/go_path/pkg/mod/github.com/robfig/cron/v3@v3.0.1/chain.go:85
github.com/robfig/cron/v3.FuncJob.Run
	D:/Workspace/go_path/pkg/mod/github.com/robfig/cron/v3@v3.0.1/cron.go:136
go-tasks/internal/scheduler.NewTaskScheduler.Recover.func1.1
	D:/Workspace/go_path/pkg/mod/github.com/robfig/cron/v3@v3.0.1/chain.go:53
github.com/robfig/cron/v3.FuncJob.Run
	D:/Workspace/go_path/pkg/mod/github.com/robfig/cron/v3@v3.0.1/cron.go:136
github.com/robfig/cron/v3.(*Cron).startJob.func1
	D:/Workspace/go_path/pkg/mod/github.com/robfig/cron/v3@v3.0.1/cron.go:312

2025-02-11 13:55:02	error	scheduler/grpc_client.go:83	rpc error: code = Unavailable desc = connection error: desc = "transport: Error while dialing: dial tcp 127.0.0.1:50051: connectex: No connection could be made because the target machine actively refused it."
go-tasks/internal/scheduler.ProcessStart
	D:/Workspace/go/go-tasks/internal/scheduler/grpc_client.go:83
go-tasks/internal/scheduler.ProcessCheck
	D:/Workspace/go/go-tasks/internal/scheduler/process.go:48
github.com/robfig/cron/v3.FuncJob.Run
	D:/Workspace/go_path/pkg/mod/github.com/robfig/cron/v3@v3.0.1/cron.go:136
go-tasks/internal/scheduler.NewTaskScheduler.SkipIfStillRunning.func2.1
	D:/Workspace/go_path/pkg/mod/github.com/robfig/cron/v3@v3.0.1/chain.go:85
github.com/robfig/cron/v3.FuncJob.Run
	D:/Workspace/go_path/pkg/mod/github.com/robfig/cron/v3@v3.0.1/cron.go:136
go-tasks/internal/scheduler.NewTaskScheduler.Recover.func1.1
	D:/Workspace/go_path/pkg/mod/github.com/robfig/cron/v3@v3.0.1/chain.go:53
github.com/robfig/cron/v3.FuncJob.Run
	D:/Workspace/go_path/pkg/mod/github.com/robfig/cron/v3@v3.0.1/cron.go:136
github.com/robfig/cron/v3.(*Cron).startJob.func1
	D:/Workspace/go_path/pkg/mod/github.com/robfig/cron/v3@v3.0.1/cron.go:312

2025-02-11 14:00:02	error	scheduler/grpc_client.go:83	rpc error: code = Unavailable desc = connection error: desc = "transport: Error while dialing: dial tcp 127.0.0.1:50051: connectex: No connection could be made because the target machine actively refused it."
go-tasks/internal/scheduler.ProcessStart
	D:/Workspace/go/go-tasks/internal/scheduler/grpc_client.go:83
go-tasks/internal/scheduler.ProcessCheck
	D:/Workspace/go/go-tasks/internal/scheduler/process.go:48
github.com/robfig/cron/v3.FuncJob.Run
	D:/Workspace/go_path/pkg/mod/github.com/robfig/cron/v3@v3.0.1/cron.go:136
go-tasks/internal/scheduler.NewTaskScheduler.SkipIfStillRunning.func2.1
	D:/Workspace/go_path/pkg/mod/github.com/robfig/cron/v3@v3.0.1/chain.go:85
github.com/robfig/cron/v3.FuncJob.Run
	D:/Workspace/go_path/pkg/mod/github.com/robfig/cron/v3@v3.0.1/cron.go:136
go-tasks/internal/scheduler.NewTaskScheduler.Recover.func1.1
	D:/Workspace/go_path/pkg/mod/github.com/robfig/cron/v3@v3.0.1/chain.go:53
github.com/robfig/cron/v3.FuncJob.Run
	D:/Workspace/go_path/pkg/mod/github.com/robfig/cron/v3@v3.0.1/cron.go:136
github.com/robfig/cron/v3.(*Cron).startJob.func1
	D:/Workspace/go_path/pkg/mod/github.com/robfig/cron/v3@v3.0.1/cron.go:312

2025-02-11 14:05:02	error	scheduler/grpc_client.go:83	rpc error: code = Unavailable desc = connection error: desc = "transport: Error while dialing: dial tcp 127.0.0.1:50051: connectex: No connection could be made because the target machine actively refused it."
go-tasks/internal/scheduler.ProcessStart
	D:/Workspace/go/go-tasks/internal/scheduler/grpc_client.go:83
go-tasks/internal/scheduler.ProcessCheck
	D:/Workspace/go/go-tasks/internal/scheduler/process.go:48
github.com/robfig/cron/v3.FuncJob.Run
	D:/Workspace/go_path/pkg/mod/github.com/robfig/cron/v3@v3.0.1/cron.go:136
go-tasks/internal/scheduler.NewTaskScheduler.SkipIfStillRunning.func2.1
	D:/Workspace/go_path/pkg/mod/github.com/robfig/cron/v3@v3.0.1/chain.go:85
github.com/robfig/cron/v3.FuncJob.Run
	D:/Workspace/go_path/pkg/mod/github.com/robfig/cron/v3@v3.0.1/cron.go:136
go-tasks/internal/scheduler.NewTaskScheduler.Recover.func1.1
	D:/Workspace/go_path/pkg/mod/github.com/robfig/cron/v3@v3.0.1/chain.go:53
github.com/robfig/cron/v3.FuncJob.Run
	D:/Workspace/go_path/pkg/mod/github.com/robfig/cron/v3@v3.0.1/cron.go:136
github.com/robfig/cron/v3.(*Cron).startJob.func1
	D:/Workspace/go_path/pkg/mod/github.com/robfig/cron/v3@v3.0.1/cron.go:312

2025-02-11 14:10:02	error	scheduler/grpc_client.go:83	rpc error: code = Unavailable desc = connection error: desc = "transport: Error while dialing: dial tcp 127.0.0.1:50051: connectex: No connection could be made because the target machine actively refused it."
go-tasks/internal/scheduler.ProcessStart
	D:/Workspace/go/go-tasks/internal/scheduler/grpc_client.go:83
go-tasks/internal/scheduler.ProcessCheck
	D:/Workspace/go/go-tasks/internal/scheduler/process.go:48
github.com/robfig/cron/v3.FuncJob.Run
	D:/Workspace/go_path/pkg/mod/github.com/robfig/cron/v3@v3.0.1/cron.go:136
go-tasks/internal/scheduler.NewTaskScheduler.SkipIfStillRunning.func2.1
	D:/Workspace/go_path/pkg/mod/github.com/robfig/cron/v3@v3.0.1/chain.go:85
github.com/robfig/cron/v3.FuncJob.Run
	D:/Workspace/go_path/pkg/mod/github.com/robfig/cron/v3@v3.0.1/cron.go:136
go-tasks/internal/scheduler.NewTaskScheduler.Recover.func1.1
	D:/Workspace/go_path/pkg/mod/github.com/robfig/cron/v3@v3.0.1/chain.go:53
github.com/robfig/cron/v3.FuncJob.Run
	D:/Workspace/go_path/pkg/mod/github.com/robfig/cron/v3@v3.0.1/cron.go:136
github.com/robfig/cron/v3.(*Cron).startJob.func1
	D:/Workspace/go_path/pkg/mod/github.com/robfig/cron/v3@v3.0.1/cron.go:312

2025-02-11 14:15:02	error	scheduler/grpc_client.go:83	rpc error: code = Unavailable desc = connection error: desc = "transport: Error while dialing: dial tcp 127.0.0.1:50051: connectex: No connection could be made because the target machine actively refused it."
go-tasks/internal/scheduler.ProcessStart
	D:/Workspace/go/go-tasks/internal/scheduler/grpc_client.go:83
go-tasks/internal/scheduler.ProcessCheck
	D:/Workspace/go/go-tasks/internal/scheduler/process.go:48
github.com/robfig/cron/v3.FuncJob.Run
	D:/Workspace/go_path/pkg/mod/github.com/robfig/cron/v3@v3.0.1/cron.go:136
go-tasks/internal/scheduler.NewTaskScheduler.SkipIfStillRunning.func2.1
	D:/Workspace/go_path/pkg/mod/github.com/robfig/cron/v3@v3.0.1/chain.go:85
github.com/robfig/cron/v3.FuncJob.Run
	D:/Workspace/go_path/pkg/mod/github.com/robfig/cron/v3@v3.0.1/cron.go:136
go-tasks/internal/scheduler.NewTaskScheduler.Recover.func1.1
	D:/Workspace/go_path/pkg/mod/github.com/robfig/cron/v3@v3.0.1/chain.go:53
github.com/robfig/cron/v3.FuncJob.Run
	D:/Workspace/go_path/pkg/mod/github.com/robfig/cron/v3@v3.0.1/cron.go:136
github.com/robfig/cron/v3.(*Cron).startJob.func1
	D:/Workspace/go_path/pkg/mod/github.com/robfig/cron/v3@v3.0.1/cron.go:312

2025-02-11 14:20:02	error	scheduler/grpc_client.go:83	rpc error: code = Unavailable desc = connection error: desc = "transport: Error while dialing: dial tcp 127.0.0.1:50051: connectex: No connection could be made because the target machine actively refused it."
go-tasks/internal/scheduler.ProcessStart
	D:/Workspace/go/go-tasks/internal/scheduler/grpc_client.go:83
go-tasks/internal/scheduler.ProcessCheck
	D:/Workspace/go/go-tasks/internal/scheduler/process.go:48
github.com/robfig/cron/v3.FuncJob.Run
	D:/Workspace/go_path/pkg/mod/github.com/robfig/cron/v3@v3.0.1/cron.go:136
go-tasks/internal/scheduler.NewTaskScheduler.SkipIfStillRunning.func2.1
	D:/Workspace/go_path/pkg/mod/github.com/robfig/cron/v3@v3.0.1/chain.go:85
github.com/robfig/cron/v3.FuncJob.Run
	D:/Workspace/go_path/pkg/mod/github.com/robfig/cron/v3@v3.0.1/cron.go:136
go-tasks/internal/scheduler.NewTaskScheduler.Recover.func1.1
	D:/Workspace/go_path/pkg/mod/github.com/robfig/cron/v3@v3.0.1/chain.go:53
github.com/robfig/cron/v3.FuncJob.Run
	D:/Workspace/go_path/pkg/mod/github.com/robfig/cron/v3@v3.0.1/cron.go:136
github.com/robfig/cron/v3.(*Cron).startJob.func1
	D:/Workspace/go_path/pkg/mod/github.com/robfig/cron/v3@v3.0.1/cron.go:312

2025-02-11 14:25:02	error	scheduler/grpc_client.go:83	rpc error: code = Unavailable desc = connection error: desc = "transport: Error while dialing: dial tcp 127.0.0.1:50051: connectex: No connection could be made because the target machine actively refused it."
go-tasks/internal/scheduler.ProcessStart
	D:/Workspace/go/go-tasks/internal/scheduler/grpc_client.go:83
go-tasks/internal/scheduler.ProcessCheck
	D:/Workspace/go/go-tasks/internal/scheduler/process.go:48
github.com/robfig/cron/v3.FuncJob.Run
	D:/Workspace/go_path/pkg/mod/github.com/robfig/cron/v3@v3.0.1/cron.go:136
go-tasks/internal/scheduler.NewTaskScheduler.SkipIfStillRunning.func2.1
	D:/Workspace/go_path/pkg/mod/github.com/robfig/cron/v3@v3.0.1/chain.go:85
github.com/robfig/cron/v3.FuncJob.Run
	D:/Workspace/go_path/pkg/mod/github.com/robfig/cron/v3@v3.0.1/cron.go:136
go-tasks/internal/scheduler.NewTaskScheduler.Recover.func1.1
	D:/Workspace/go_path/pkg/mod/github.com/robfig/cron/v3@v3.0.1/chain.go:53
github.com/robfig/cron/v3.FuncJob.Run
	D:/Workspace/go_path/pkg/mod/github.com/robfig/cron/v3@v3.0.1/cron.go:136
github.com/robfig/cron/v3.(*Cron).startJob.func1
	D:/Workspace/go_path/pkg/mod/github.com/robfig/cron/v3@v3.0.1/cron.go:312

2025-02-11 14:30:02	error	scheduler/grpc_client.go:83	rpc error: code = Unavailable desc = connection error: desc = "transport: Error while dialing: dial tcp 127.0.0.1:50051: connectex: No connection could be made because the target machine actively refused it."
go-tasks/internal/scheduler.ProcessStart
	D:/Workspace/go/go-tasks/internal/scheduler/grpc_client.go:83
go-tasks/internal/scheduler.ProcessCheck
	D:/Workspace/go/go-tasks/internal/scheduler/process.go:48
github.com/robfig/cron/v3.FuncJob.Run
	D:/Workspace/go_path/pkg/mod/github.com/robfig/cron/v3@v3.0.1/cron.go:136
go-tasks/internal/scheduler.NewTaskScheduler.SkipIfStillRunning.func2.1
	D:/Workspace/go_path/pkg/mod/github.com/robfig/cron/v3@v3.0.1/chain.go:85
github.com/robfig/cron/v3.FuncJob.Run
	D:/Workspace/go_path/pkg/mod/github.com/robfig/cron/v3@v3.0.1/cron.go:136
go-tasks/internal/scheduler.NewTaskScheduler.Recover.func1.1
	D:/Workspace/go_path/pkg/mod/github.com/robfig/cron/v3@v3.0.1/chain.go:53
github.com/robfig/cron/v3.FuncJob.Run
	D:/Workspace/go_path/pkg/mod/github.com/robfig/cron/v3@v3.0.1/cron.go:136
github.com/robfig/cron/v3.(*Cron).startJob.func1
	D:/Workspace/go_path/pkg/mod/github.com/robfig/cron/v3@v3.0.1/cron.go:312

2025-02-11 14:35:02	error	scheduler/grpc_client.go:83	rpc error: code = Unavailable desc = connection error: desc = "transport: Error while dialing: dial tcp 127.0.0.1:50051: connectex: No connection could be made because the target machine actively refused it."
go-tasks/internal/scheduler.ProcessStart
	D:/Workspace/go/go-tasks/internal/scheduler/grpc_client.go:83
go-tasks/internal/scheduler.ProcessCheck
	D:/Workspace/go/go-tasks/internal/scheduler/process.go:48
github.com/robfig/cron/v3.FuncJob.Run
	D:/Workspace/go_path/pkg/mod/github.com/robfig/cron/v3@v3.0.1/cron.go:136
go-tasks/internal/scheduler.NewTaskScheduler.SkipIfStillRunning.func2.1
	D:/Workspace/go_path/pkg/mod/github.com/robfig/cron/v3@v3.0.1/chain.go:85
github.com/robfig/cron/v3.FuncJob.Run
	D:/Workspace/go_path/pkg/mod/github.com/robfig/cron/v3@v3.0.1/cron.go:136
go-tasks/internal/scheduler.NewTaskScheduler.Recover.func1.1
	D:/Workspace/go_path/pkg/mod/github.com/robfig/cron/v3@v3.0.1/chain.go:53
github.com/robfig/cron/v3.FuncJob.Run
	D:/Workspace/go_path/pkg/mod/github.com/robfig/cron/v3@v3.0.1/cron.go:136
github.com/robfig/cron/v3.(*Cron).startJob.func1
	D:/Workspace/go_path/pkg/mod/github.com/robfig/cron/v3@v3.0.1/cron.go:312

2025-02-11 14:40:02	error	scheduler/grpc_client.go:83	rpc error: code = Unavailable desc = connection error: desc = "transport: Error while dialing: dial tcp 127.0.0.1:50051: connectex: No connection could be made because the target machine actively refused it."
go-tasks/internal/scheduler.ProcessStart
	D:/Workspace/go/go-tasks/internal/scheduler/grpc_client.go:83
go-tasks/internal/scheduler.ProcessCheck
	D:/Workspace/go/go-tasks/internal/scheduler/process.go:48
github.com/robfig/cron/v3.FuncJob.Run
	D:/Workspace/go_path/pkg/mod/github.com/robfig/cron/v3@v3.0.1/cron.go:136
go-tasks/internal/scheduler.NewTaskScheduler.SkipIfStillRunning.func2.1
	D:/Workspace/go_path/pkg/mod/github.com/robfig/cron/v3@v3.0.1/chain.go:85
github.com/robfig/cron/v3.FuncJob.Run
	D:/Workspace/go_path/pkg/mod/github.com/robfig/cron/v3@v3.0.1/cron.go:136
go-tasks/internal/scheduler.NewTaskScheduler.Recover.func1.1
	D:/Workspace/go_path/pkg/mod/github.com/robfig/cron/v3@v3.0.1/chain.go:53
github.com/robfig/cron/v3.FuncJob.Run
	D:/Workspace/go_path/pkg/mod/github.com/robfig/cron/v3@v3.0.1/cron.go:136
github.com/robfig/cron/v3.(*Cron).startJob.func1
	D:/Workspace/go_path/pkg/mod/github.com/robfig/cron/v3@v3.0.1/cron.go:312

2025-02-11 14:45:02	error	scheduler/grpc_client.go:83	rpc error: code = Unavailable desc = connection error: desc = "transport: Error while dialing: dial tcp 127.0.0.1:50051: connectex: No connection could be made because the target machine actively refused it."
go-tasks/internal/scheduler.ProcessStart
	D:/Workspace/go/go-tasks/internal/scheduler/grpc_client.go:83
go-tasks/internal/scheduler.ProcessCheck
	D:/Workspace/go/go-tasks/internal/scheduler/process.go:48
github.com/robfig/cron/v3.FuncJob.Run
	D:/Workspace/go_path/pkg/mod/github.com/robfig/cron/v3@v3.0.1/cron.go:136
go-tasks/internal/scheduler.NewTaskScheduler.SkipIfStillRunning.func2.1
	D:/Workspace/go_path/pkg/mod/github.com/robfig/cron/v3@v3.0.1/chain.go:85
github.com/robfig/cron/v3.FuncJob.Run
	D:/Workspace/go_path/pkg/mod/github.com/robfig/cron/v3@v3.0.1/cron.go:136
go-tasks/internal/scheduler.NewTaskScheduler.Recover.func1.1
	D:/Workspace/go_path/pkg/mod/github.com/robfig/cron/v3@v3.0.1/chain.go:53
github.com/robfig/cron/v3.FuncJob.Run
	D:/Workspace/go_path/pkg/mod/github.com/robfig/cron/v3@v3.0.1/cron.go:136
github.com/robfig/cron/v3.(*Cron).startJob.func1
	D:/Workspace/go_path/pkg/mod/github.com/robfig/cron/v3@v3.0.1/cron.go:312

2025-02-11 14:50:02	error	scheduler/grpc_client.go:83	rpc error: code = Unavailable desc = connection error: desc = "transport: Error while dialing: dial tcp 127.0.0.1:50051: connectex: No connection could be made because the target machine actively refused it."
go-tasks/internal/scheduler.ProcessStart
	D:/Workspace/go/go-tasks/internal/scheduler/grpc_client.go:83
go-tasks/internal/scheduler.ProcessCheck
	D:/Workspace/go/go-tasks/internal/scheduler/process.go:48
github.com/robfig/cron/v3.FuncJob.Run
	D:/Workspace/go_path/pkg/mod/github.com/robfig/cron/v3@v3.0.1/cron.go:136
go-tasks/internal/scheduler.NewTaskScheduler.SkipIfStillRunning.func2.1
	D:/Workspace/go_path/pkg/mod/github.com/robfig/cron/v3@v3.0.1/chain.go:85
github.com/robfig/cron/v3.FuncJob.Run
	D:/Workspace/go_path/pkg/mod/github.com/robfig/cron/v3@v3.0.1/cron.go:136
go-tasks/internal/scheduler.NewTaskScheduler.Recover.func1.1
	D:/Workspace/go_path/pkg/mod/github.com/robfig/cron/v3@v3.0.1/chain.go:53
github.com/robfig/cron/v3.FuncJob.Run
	D:/Workspace/go_path/pkg/mod/github.com/robfig/cron/v3@v3.0.1/cron.go:136
github.com/robfig/cron/v3.(*Cron).startJob.func1
	D:/Workspace/go_path/pkg/mod/github.com/robfig/cron/v3@v3.0.1/cron.go:312

2025-02-11 14:55:02	error	scheduler/grpc_client.go:83	rpc error: code = Unavailable desc = connection error: desc = "transport: Error while dialing: dial tcp 127.0.0.1:50051: connectex: No connection could be made because the target machine actively refused it."
go-tasks/internal/scheduler.ProcessStart
	D:/Workspace/go/go-tasks/internal/scheduler/grpc_client.go:83
go-tasks/internal/scheduler.ProcessCheck
	D:/Workspace/go/go-tasks/internal/scheduler/process.go:48
github.com/robfig/cron/v3.FuncJob.Run
	D:/Workspace/go_path/pkg/mod/github.com/robfig/cron/v3@v3.0.1/cron.go:136
go-tasks/internal/scheduler.NewTaskScheduler.SkipIfStillRunning.func2.1
	D:/Workspace/go_path/pkg/mod/github.com/robfig/cron/v3@v3.0.1/chain.go:85
github.com/robfig/cron/v3.FuncJob.Run
	D:/Workspace/go_path/pkg/mod/github.com/robfig/cron/v3@v3.0.1/cron.go:136
go-tasks/internal/scheduler.NewTaskScheduler.Recover.func1.1
	D:/Workspace/go_path/pkg/mod/github.com/robfig/cron/v3@v3.0.1/chain.go:53
github.com/robfig/cron/v3.FuncJob.Run
	D:/Workspace/go_path/pkg/mod/github.com/robfig/cron/v3@v3.0.1/cron.go:136
github.com/robfig/cron/v3.(*Cron).startJob.func1
	D:/Workspace/go_path/pkg/mod/github.com/robfig/cron/v3@v3.0.1/cron.go:312

2025-02-11 15:00:02	error	scheduler/grpc_client.go:83	rpc error: code = Unavailable desc = connection error: desc = "transport: Error while dialing: dial tcp 127.0.0.1:50051: connectex: No connection could be made because the target machine actively refused it."
go-tasks/internal/scheduler.ProcessStart
	D:/Workspace/go/go-tasks/internal/scheduler/grpc_client.go:83
go-tasks/internal/scheduler.ProcessCheck
	D:/Workspace/go/go-tasks/internal/scheduler/process.go:48
github.com/robfig/cron/v3.FuncJob.Run
	D:/Workspace/go_path/pkg/mod/github.com/robfig/cron/v3@v3.0.1/cron.go:136
go-tasks/internal/scheduler.NewTaskScheduler.SkipIfStillRunning.func2.1
	D:/Workspace/go_path/pkg/mod/github.com/robfig/cron/v3@v3.0.1/chain.go:85
github.com/robfig/cron/v3.FuncJob.Run
	D:/Workspace/go_path/pkg/mod/github.com/robfig/cron/v3@v3.0.1/cron.go:136
go-tasks/internal/scheduler.NewTaskScheduler.Recover.func1.1
	D:/Workspace/go_path/pkg/mod/github.com/robfig/cron/v3@v3.0.1/chain.go:53
github.com/robfig/cron/v3.FuncJob.Run
	D:/Workspace/go_path/pkg/mod/github.com/robfig/cron/v3@v3.0.1/cron.go:136
github.com/robfig/cron/v3.(*Cron).startJob.func1
	D:/Workspace/go_path/pkg/mod/github.com/robfig/cron/v3@v3.0.1/cron.go:312

2025-02-11 15:05:02	error	scheduler/grpc_client.go:83	rpc error: code = Unavailable desc = connection error: desc = "transport: Error while dialing: dial tcp 127.0.0.1:50051: connectex: No connection could be made because the target machine actively refused it."
go-tasks/internal/scheduler.ProcessStart
	D:/Workspace/go/go-tasks/internal/scheduler/grpc_client.go:83
go-tasks/internal/scheduler.ProcessCheck
	D:/Workspace/go/go-tasks/internal/scheduler/process.go:48
github.com/robfig/cron/v3.FuncJob.Run
	D:/Workspace/go_path/pkg/mod/github.com/robfig/cron/v3@v3.0.1/cron.go:136
go-tasks/internal/scheduler.NewTaskScheduler.SkipIfStillRunning.func2.1
	D:/Workspace/go_path/pkg/mod/github.com/robfig/cron/v3@v3.0.1/chain.go:85
github.com/robfig/cron/v3.FuncJob.Run
	D:/Workspace/go_path/pkg/mod/github.com/robfig/cron/v3@v3.0.1/cron.go:136
go-tasks/internal/scheduler.NewTaskScheduler.Recover.func1.1
	D:/Workspace/go_path/pkg/mod/github.com/robfig/cron/v3@v3.0.1/chain.go:53
github.com/robfig/cron/v3.FuncJob.Run
	D:/Workspace/go_path/pkg/mod/github.com/robfig/cron/v3@v3.0.1/cron.go:136
github.com/robfig/cron/v3.(*Cron).startJob.func1
	D:/Workspace/go_path/pkg/mod/github.com/robfig/cron/v3@v3.0.1/cron.go:312

2025-02-11 15:10:02	error	scheduler/grpc_client.go:83	rpc error: code = Unavailable desc = connection error: desc = "transport: Error while dialing: dial tcp 127.0.0.1:50051: connectex: No connection could be made because the target machine actively refused it."
go-tasks/internal/scheduler.ProcessStart
	D:/Workspace/go/go-tasks/internal/scheduler/grpc_client.go:83
go-tasks/internal/scheduler.ProcessCheck
	D:/Workspace/go/go-tasks/internal/scheduler/process.go:48
github.com/robfig/cron/v3.FuncJob.Run
	D:/Workspace/go_path/pkg/mod/github.com/robfig/cron/v3@v3.0.1/cron.go:136
go-tasks/internal/scheduler.NewTaskScheduler.SkipIfStillRunning.func2.1
	D:/Workspace/go_path/pkg/mod/github.com/robfig/cron/v3@v3.0.1/chain.go:85
github.com/robfig/cron/v3.FuncJob.Run
	D:/Workspace/go_path/pkg/mod/github.com/robfig/cron/v3@v3.0.1/cron.go:136
go-tasks/internal/scheduler.NewTaskScheduler.Recover.func1.1
	D:/Workspace/go_path/pkg/mod/github.com/robfig/cron/v3@v3.0.1/chain.go:53
github.com/robfig/cron/v3.FuncJob.Run
	D:/Workspace/go_path/pkg/mod/github.com/robfig/cron/v3@v3.0.1/cron.go:136
github.com/robfig/cron/v3.(*Cron).startJob.func1
	D:/Workspace/go_path/pkg/mod/github.com/robfig/cron/v3@v3.0.1/cron.go:312

2025-02-11 15:15:02	error	scheduler/grpc_client.go:83	rpc error: code = Unavailable desc = connection error: desc = "transport: Error while dialing: dial tcp 127.0.0.1:50051: connectex: No connection could be made because the target machine actively refused it."
go-tasks/internal/scheduler.ProcessStart
	D:/Workspace/go/go-tasks/internal/scheduler/grpc_client.go:83
go-tasks/internal/scheduler.ProcessCheck
	D:/Workspace/go/go-tasks/internal/scheduler/process.go:48
github.com/robfig/cron/v3.FuncJob.Run
	D:/Workspace/go_path/pkg/mod/github.com/robfig/cron/v3@v3.0.1/cron.go:136
go-tasks/internal/scheduler.NewTaskScheduler.SkipIfStillRunning.func2.1
	D:/Workspace/go_path/pkg/mod/github.com/robfig/cron/v3@v3.0.1/chain.go:85
github.com/robfig/cron/v3.FuncJob.Run
	D:/Workspace/go_path/pkg/mod/github.com/robfig/cron/v3@v3.0.1/cron.go:136
go-tasks/internal/scheduler.NewTaskScheduler.Recover.func1.1
	D:/Workspace/go_path/pkg/mod/github.com/robfig/cron/v3@v3.0.1/chain.go:53
github.com/robfig/cron/v3.FuncJob.Run
	D:/Workspace/go_path/pkg/mod/github.com/robfig/cron/v3@v3.0.1/cron.go:136
github.com/robfig/cron/v3.(*Cron).startJob.func1
	D:/Workspace/go_path/pkg/mod/github.com/robfig/cron/v3@v3.0.1/cron.go:312

2025-02-11 15:20:02	error	scheduler/grpc_client.go:83	rpc error: code = Unavailable desc = connection error: desc = "transport: Error while dialing: dial tcp 127.0.0.1:50051: connectex: No connection could be made because the target machine actively refused it."
go-tasks/internal/scheduler.ProcessStart
	D:/Workspace/go/go-tasks/internal/scheduler/grpc_client.go:83
go-tasks/internal/scheduler.ProcessCheck
	D:/Workspace/go/go-tasks/internal/scheduler/process.go:48
github.com/robfig/cron/v3.FuncJob.Run
	D:/Workspace/go_path/pkg/mod/github.com/robfig/cron/v3@v3.0.1/cron.go:136
go-tasks/internal/scheduler.NewTaskScheduler.SkipIfStillRunning.func2.1
	D:/Workspace/go_path/pkg/mod/github.com/robfig/cron/v3@v3.0.1/chain.go:85
github.com/robfig/cron/v3.FuncJob.Run
	D:/Workspace/go_path/pkg/mod/github.com/robfig/cron/v3@v3.0.1/cron.go:136
go-tasks/internal/scheduler.NewTaskScheduler.Recover.func1.1
	D:/Workspace/go_path/pkg/mod/github.com/robfig/cron/v3@v3.0.1/chain.go:53
github.com/robfig/cron/v3.FuncJob.Run
	D:/Workspace/go_path/pkg/mod/github.com/robfig/cron/v3@v3.0.1/cron.go:136
github.com/robfig/cron/v3.(*Cron).startJob.func1
	D:/Workspace/go_path/pkg/mod/github.com/robfig/cron/v3@v3.0.1/cron.go:312

2025-02-11 15:25:02	error	scheduler/grpc_client.go:83	rpc error: code = Unavailable desc = connection error: desc = "transport: Error while dialing: dial tcp 127.0.0.1:50051: connectex: No connection could be made because the target machine actively refused it."
go-tasks/internal/scheduler.ProcessStart
	D:/Workspace/go/go-tasks/internal/scheduler/grpc_client.go:83
go-tasks/internal/scheduler.ProcessCheck
	D:/Workspace/go/go-tasks/internal/scheduler/process.go:48
github.com/robfig/cron/v3.FuncJob.Run
	D:/Workspace/go_path/pkg/mod/github.com/robfig/cron/v3@v3.0.1/cron.go:136
go-tasks/internal/scheduler.NewTaskScheduler.SkipIfStillRunning.func2.1
	D:/Workspace/go_path/pkg/mod/github.com/robfig/cron/v3@v3.0.1/chain.go:85
github.com/robfig/cron/v3.FuncJob.Run
	D:/Workspace/go_path/pkg/mod/github.com/robfig/cron/v3@v3.0.1/cron.go:136
go-tasks/internal/scheduler.NewTaskScheduler.Recover.func1.1
	D:/Workspace/go_path/pkg/mod/github.com/robfig/cron/v3@v3.0.1/chain.go:53
github.com/robfig/cron/v3.FuncJob.Run
	D:/Workspace/go_path/pkg/mod/github.com/robfig/cron/v3@v3.0.1/cron.go:136
github.com/robfig/cron/v3.(*Cron).startJob.func1
	D:/Workspace/go_path/pkg/mod/github.com/robfig/cron/v3@v3.0.1/cron.go:312

2025-02-11 15:30:02	error	scheduler/grpc_client.go:83	rpc error: code = Unavailable desc = connection error: desc = "transport: Error while dialing: dial tcp 127.0.0.1:50051: connectex: No connection could be made because the target machine actively refused it."
go-tasks/internal/scheduler.ProcessStart
	D:/Workspace/go/go-tasks/internal/scheduler/grpc_client.go:83
go-tasks/internal/scheduler.ProcessCheck
	D:/Workspace/go/go-tasks/internal/scheduler/process.go:48
github.com/robfig/cron/v3.FuncJob.Run
	D:/Workspace/go_path/pkg/mod/github.com/robfig/cron/v3@v3.0.1/cron.go:136
go-tasks/internal/scheduler.NewTaskScheduler.SkipIfStillRunning.func2.1
	D:/Workspace/go_path/pkg/mod/github.com/robfig/cron/v3@v3.0.1/chain.go:85
github.com/robfig/cron/v3.FuncJob.Run
	D:/Workspace/go_path/pkg/mod/github.com/robfig/cron/v3@v3.0.1/cron.go:136
go-tasks/internal/scheduler.NewTaskScheduler.Recover.func1.1
	D:/Workspace/go_path/pkg/mod/github.com/robfig/cron/v3@v3.0.1/chain.go:53
github.com/robfig/cron/v3.FuncJob.Run
	D:/Workspace/go_path/pkg/mod/github.com/robfig/cron/v3@v3.0.1/cron.go:136
github.com/robfig/cron/v3.(*Cron).startJob.func1
	D:/Workspace/go_path/pkg/mod/github.com/robfig/cron/v3@v3.0.1/cron.go:312

2025-02-11 15:35:02	error	scheduler/grpc_client.go:83	rpc error: code = Unavailable desc = connection error: desc = "transport: Error while dialing: dial tcp 127.0.0.1:50051: connectex: No connection could be made because the target machine actively refused it."
go-tasks/internal/scheduler.ProcessStart
	D:/Workspace/go/go-tasks/internal/scheduler/grpc_client.go:83
go-tasks/internal/scheduler.ProcessCheck
	D:/Workspace/go/go-tasks/internal/scheduler/process.go:48
github.com/robfig/cron/v3.FuncJob.Run
	D:/Workspace/go_path/pkg/mod/github.com/robfig/cron/v3@v3.0.1/cron.go:136
go-tasks/internal/scheduler.NewTaskScheduler.SkipIfStillRunning.func2.1
	D:/Workspace/go_path/pkg/mod/github.com/robfig/cron/v3@v3.0.1/chain.go:85
github.com/robfig/cron/v3.FuncJob.Run
	D:/Workspace/go_path/pkg/mod/github.com/robfig/cron/v3@v3.0.1/cron.go:136
go-tasks/internal/scheduler.NewTaskScheduler.Recover.func1.1
	D:/Workspace/go_path/pkg/mod/github.com/robfig/cron/v3@v3.0.1/chain.go:53
github.com/robfig/cron/v3.FuncJob.Run
	D:/Workspace/go_path/pkg/mod/github.com/robfig/cron/v3@v3.0.1/cron.go:136
github.com/robfig/cron/v3.(*Cron).startJob.func1
	D:/Workspace/go_path/pkg/mod/github.com/robfig/cron/v3@v3.0.1/cron.go:312

2025-02-11 15:40:02	error	scheduler/grpc_client.go:83	rpc error: code = Unavailable desc = connection error: desc = "transport: Error while dialing: dial tcp 127.0.0.1:50051: connectex: No connection could be made because the target machine actively refused it."
go-tasks/internal/scheduler.ProcessStart
	D:/Workspace/go/go-tasks/internal/scheduler/grpc_client.go:83
go-tasks/internal/scheduler.ProcessCheck
	D:/Workspace/go/go-tasks/internal/scheduler/process.go:48
github.com/robfig/cron/v3.FuncJob.Run
	D:/Workspace/go_path/pkg/mod/github.com/robfig/cron/v3@v3.0.1/cron.go:136
go-tasks/internal/scheduler.NewTaskScheduler.SkipIfStillRunning.func2.1
	D:/Workspace/go_path/pkg/mod/github.com/robfig/cron/v3@v3.0.1/chain.go:85
github.com/robfig/cron/v3.FuncJob.Run
	D:/Workspace/go_path/pkg/mod/github.com/robfig/cron/v3@v3.0.1/cron.go:136
go-tasks/internal/scheduler.NewTaskScheduler.Recover.func1.1
	D:/Workspace/go_path/pkg/mod/github.com/robfig/cron/v3@v3.0.1/chain.go:53
github.com/robfig/cron/v3.FuncJob.Run
	D:/Workspace/go_path/pkg/mod/github.com/robfig/cron/v3@v3.0.1/cron.go:136
github.com/robfig/cron/v3.(*Cron).startJob.func1
	D:/Workspace/go_path/pkg/mod/github.com/robfig/cron/v3@v3.0.1/cron.go:312

2025-02-11 15:45:02	error	scheduler/grpc_client.go:83	rpc error: code = Unavailable desc = connection error: desc = "transport: Error while dialing: dial tcp 127.0.0.1:50051: connectex: No connection could be made because the target machine actively refused it."
go-tasks/internal/scheduler.ProcessStart
	D:/Workspace/go/go-tasks/internal/scheduler/grpc_client.go:83
go-tasks/internal/scheduler.ProcessCheck
	D:/Workspace/go/go-tasks/internal/scheduler/process.go:48
github.com/robfig/cron/v3.FuncJob.Run
	D:/Workspace/go_path/pkg/mod/github.com/robfig/cron/v3@v3.0.1/cron.go:136
go-tasks/internal/scheduler.NewTaskScheduler.SkipIfStillRunning.func2.1
	D:/Workspace/go_path/pkg/mod/github.com/robfig/cron/v3@v3.0.1/chain.go:85
github.com/robfig/cron/v3.FuncJob.Run
	D:/Workspace/go_path/pkg/mod/github.com/robfig/cron/v3@v3.0.1/cron.go:136
go-tasks/internal/scheduler.NewTaskScheduler.Recover.func1.1
	D:/Workspace/go_path/pkg/mod/github.com/robfig/cron/v3@v3.0.1/chain.go:53
github.com/robfig/cron/v3.FuncJob.Run
	D:/Workspace/go_path/pkg/mod/github.com/robfig/cron/v3@v3.0.1/cron.go:136
github.com/robfig/cron/v3.(*Cron).startJob.func1
	D:/Workspace/go_path/pkg/mod/github.com/robfig/cron/v3@v3.0.1/cron.go:312

2025-02-11 15:50:02	error	scheduler/grpc_client.go:83	rpc error: code = Unavailable desc = connection error: desc = "transport: Error while dialing: dial tcp 127.0.0.1:50051: connectex: No connection could be made because the target machine actively refused it."
go-tasks/internal/scheduler.ProcessStart
	D:/Workspace/go/go-tasks/internal/scheduler/grpc_client.go:83
go-tasks/internal/scheduler.ProcessCheck
	D:/Workspace/go/go-tasks/internal/scheduler/process.go:48
github.com/robfig/cron/v3.FuncJob.Run
	D:/Workspace/go_path/pkg/mod/github.com/robfig/cron/v3@v3.0.1/cron.go:136
go-tasks/internal/scheduler.NewTaskScheduler.SkipIfStillRunning.func2.1
	D:/Workspace/go_path/pkg/mod/github.com/robfig/cron/v3@v3.0.1/chain.go:85
github.com/robfig/cron/v3.FuncJob.Run
	D:/Workspace/go_path/pkg/mod/github.com/robfig/cron/v3@v3.0.1/cron.go:136
go-tasks/internal/scheduler.NewTaskScheduler.Recover.func1.1
	D:/Workspace/go_path/pkg/mod/github.com/robfig/cron/v3@v3.0.1/chain.go:53
github.com/robfig/cron/v3.FuncJob.Run
	D:/Workspace/go_path/pkg/mod/github.com/robfig/cron/v3@v3.0.1/cron.go:136
github.com/robfig/cron/v3.(*Cron).startJob.func1
	D:/Workspace/go_path/pkg/mod/github.com/robfig/cron/v3@v3.0.1/cron.go:312

2025-02-11 15:55:02	error	scheduler/grpc_client.go:83	rpc error: code = Unavailable desc = connection error: desc = "transport: Error while dialing: dial tcp 127.0.0.1:50051: connectex: No connection could be made because the target machine actively refused it."
go-tasks/internal/scheduler.ProcessStart
	D:/Workspace/go/go-tasks/internal/scheduler/grpc_client.go:83
go-tasks/internal/scheduler.ProcessCheck
	D:/Workspace/go/go-tasks/internal/scheduler/process.go:48
github.com/robfig/cron/v3.FuncJob.Run
	D:/Workspace/go_path/pkg/mod/github.com/robfig/cron/v3@v3.0.1/cron.go:136
go-tasks/internal/scheduler.NewTaskScheduler.SkipIfStillRunning.func2.1
	D:/Workspace/go_path/pkg/mod/github.com/robfig/cron/v3@v3.0.1/chain.go:85
github.com/robfig/cron/v3.FuncJob.Run
	D:/Workspace/go_path/pkg/mod/github.com/robfig/cron/v3@v3.0.1/cron.go:136
go-tasks/internal/scheduler.NewTaskScheduler.Recover.func1.1
	D:/Workspace/go_path/pkg/mod/github.com/robfig/cron/v3@v3.0.1/chain.go:53
github.com/robfig/cron/v3.FuncJob.Run
	D:/Workspace/go_path/pkg/mod/github.com/robfig/cron/v3@v3.0.1/cron.go:136
github.com/robfig/cron/v3.(*Cron).startJob.func1
	D:/Workspace/go_path/pkg/mod/github.com/robfig/cron/v3@v3.0.1/cron.go:312

2025-02-11 16:00:02	error	scheduler/grpc_client.go:83	rpc error: code = Unavailable desc = connection error: desc = "transport: Error while dialing: dial tcp 127.0.0.1:50051: connectex: No connection could be made because the target machine actively refused it."
go-tasks/internal/scheduler.ProcessStart
	D:/Workspace/go/go-tasks/internal/scheduler/grpc_client.go:83
go-tasks/internal/scheduler.ProcessCheck
	D:/Workspace/go/go-tasks/internal/scheduler/process.go:48
github.com/robfig/cron/v3.FuncJob.Run
	D:/Workspace/go_path/pkg/mod/github.com/robfig/cron/v3@v3.0.1/cron.go:136
go-tasks/internal/scheduler.NewTaskScheduler.SkipIfStillRunning.func2.1
	D:/Workspace/go_path/pkg/mod/github.com/robfig/cron/v3@v3.0.1/chain.go:85
github.com/robfig/cron/v3.FuncJob.Run
	D:/Workspace/go_path/pkg/mod/github.com/robfig/cron/v3@v3.0.1/cron.go:136
go-tasks/internal/scheduler.NewTaskScheduler.Recover.func1.1
	D:/Workspace/go_path/pkg/mod/github.com/robfig/cron/v3@v3.0.1/chain.go:53
github.com/robfig/cron/v3.FuncJob.Run
	D:/Workspace/go_path/pkg/mod/github.com/robfig/cron/v3@v3.0.1/cron.go:136
github.com/robfig/cron/v3.(*Cron).startJob.func1
	D:/Workspace/go_path/pkg/mod/github.com/robfig/cron/v3@v3.0.1/cron.go:312

2025-02-11 16:05:02	error	scheduler/grpc_client.go:83	rpc error: code = Unavailable desc = connection error: desc = "transport: Error while dialing: dial tcp 127.0.0.1:50051: connectex: No connection could be made because the target machine actively refused it."
go-tasks/internal/scheduler.ProcessStart
	D:/Workspace/go/go-tasks/internal/scheduler/grpc_client.go:83
go-tasks/internal/scheduler.ProcessCheck
	D:/Workspace/go/go-tasks/internal/scheduler/process.go:48
github.com/robfig/cron/v3.FuncJob.Run
	D:/Workspace/go_path/pkg/mod/github.com/robfig/cron/v3@v3.0.1/cron.go:136
go-tasks/internal/scheduler.NewTaskScheduler.SkipIfStillRunning.func2.1
	D:/Workspace/go_path/pkg/mod/github.com/robfig/cron/v3@v3.0.1/chain.go:85
github.com/robfig/cron/v3.FuncJob.Run
	D:/Workspace/go_path/pkg/mod/github.com/robfig/cron/v3@v3.0.1/cron.go:136
go-tasks/internal/scheduler.NewTaskScheduler.Recover.func1.1
	D:/Workspace/go_path/pkg/mod/github.com/robfig/cron/v3@v3.0.1/chain.go:53
github.com/robfig/cron/v3.FuncJob.Run
	D:/Workspace/go_path/pkg/mod/github.com/robfig/cron/v3@v3.0.1/cron.go:136
github.com/robfig/cron/v3.(*Cron).startJob.func1
	D:/Workspace/go_path/pkg/mod/github.com/robfig/cron/v3@v3.0.1/cron.go:312

2025-02-11 16:10:02	error	scheduler/grpc_client.go:83	rpc error: code = Unavailable desc = connection error: desc = "transport: Error while dialing: dial tcp 127.0.0.1:50051: connectex: No connection could be made because the target machine actively refused it."
go-tasks/internal/scheduler.ProcessStart
	D:/Workspace/go/go-tasks/internal/scheduler/grpc_client.go:83
go-tasks/internal/scheduler.ProcessCheck
	D:/Workspace/go/go-tasks/internal/scheduler/process.go:48
github.com/robfig/cron/v3.FuncJob.Run
	D:/Workspace/go_path/pkg/mod/github.com/robfig/cron/v3@v3.0.1/cron.go:136
go-tasks/internal/scheduler.NewTaskScheduler.SkipIfStillRunning.func2.1
	D:/Workspace/go_path/pkg/mod/github.com/robfig/cron/v3@v3.0.1/chain.go:85
github.com/robfig/cron/v3.FuncJob.Run
	D:/Workspace/go_path/pkg/mod/github.com/robfig/cron/v3@v3.0.1/cron.go:136
go-tasks/internal/scheduler.NewTaskScheduler.Recover.func1.1
	D:/Workspace/go_path/pkg/mod/github.com/robfig/cron/v3@v3.0.1/chain.go:53
github.com/robfig/cron/v3.FuncJob.Run
	D:/Workspace/go_path/pkg/mod/github.com/robfig/cron/v3@v3.0.1/cron.go:136
github.com/robfig/cron/v3.(*Cron).startJob.func1
	D:/Workspace/go_path/pkg/mod/github.com/robfig/cron/v3@v3.0.1/cron.go:312

2025-02-11 16:15:02	error	scheduler/grpc_client.go:83	rpc error: code = Unavailable desc = connection error: desc = "transport: Error while dialing: dial tcp 127.0.0.1:50051: connectex: No connection could be made because the target machine actively refused it."
go-tasks/internal/scheduler.ProcessStart
	D:/Workspace/go/go-tasks/internal/scheduler/grpc_client.go:83
go-tasks/internal/scheduler.ProcessCheck
	D:/Workspace/go/go-tasks/internal/scheduler/process.go:48
github.com/robfig/cron/v3.FuncJob.Run
	D:/Workspace/go_path/pkg/mod/github.com/robfig/cron/v3@v3.0.1/cron.go:136
go-tasks/internal/scheduler.NewTaskScheduler.SkipIfStillRunning.func2.1
	D:/Workspace/go_path/pkg/mod/github.com/robfig/cron/v3@v3.0.1/chain.go:85
github.com/robfig/cron/v3.FuncJob.Run
	D:/Workspace/go_path/pkg/mod/github.com/robfig/cron/v3@v3.0.1/cron.go:136
go-tasks/internal/scheduler.NewTaskScheduler.Recover.func1.1
	D:/Workspace/go_path/pkg/mod/github.com/robfig/cron/v3@v3.0.1/chain.go:53
github.com/robfig/cron/v3.FuncJob.Run
	D:/Workspace/go_path/pkg/mod/github.com/robfig/cron/v3@v3.0.1/cron.go:136
github.com/robfig/cron/v3.(*Cron).startJob.func1
	D:/Workspace/go_path/pkg/mod/github.com/robfig/cron/v3@v3.0.1/cron.go:312

2025-02-11 16:20:02	error	scheduler/grpc_client.go:83	rpc error: code = Unavailable desc = connection error: desc = "transport: Error while dialing: dial tcp 127.0.0.1:50051: connectex: No connection could be made because the target machine actively refused it."
go-tasks/internal/scheduler.ProcessStart
	D:/Workspace/go/go-tasks/internal/scheduler/grpc_client.go:83
go-tasks/internal/scheduler.ProcessCheck
	D:/Workspace/go/go-tasks/internal/scheduler/process.go:48
github.com/robfig/cron/v3.FuncJob.Run
	D:/Workspace/go_path/pkg/mod/github.com/robfig/cron/v3@v3.0.1/cron.go:136
go-tasks/internal/scheduler.NewTaskScheduler.SkipIfStillRunning.func2.1
	D:/Workspace/go_path/pkg/mod/github.com/robfig/cron/v3@v3.0.1/chain.go:85
github.com/robfig/cron/v3.FuncJob.Run
	D:/Workspace/go_path/pkg/mod/github.com/robfig/cron/v3@v3.0.1/cron.go:136
go-tasks/internal/scheduler.NewTaskScheduler.Recover.func1.1
	D:/Workspace/go_path/pkg/mod/github.com/robfig/cron/v3@v3.0.1/chain.go:53
github.com/robfig/cron/v3.FuncJob.Run
	D:/Workspace/go_path/pkg/mod/github.com/robfig/cron/v3@v3.0.1/cron.go:136
github.com/robfig/cron/v3.(*Cron).startJob.func1
	D:/Workspace/go_path/pkg/mod/github.com/robfig/cron/v3@v3.0.1/cron.go:312

2025-02-11 16:25:02	error	scheduler/grpc_client.go:83	rpc error: code = Unavailable desc = connection error: desc = "transport: Error while dialing: dial tcp 127.0.0.1:50051: connectex: No connection could be made because the target machine actively refused it."
go-tasks/internal/scheduler.ProcessStart
	D:/Workspace/go/go-tasks/internal/scheduler/grpc_client.go:83
go-tasks/internal/scheduler.ProcessCheck
	D:/Workspace/go/go-tasks/internal/scheduler/process.go:48
github.com/robfig/cron/v3.FuncJob.Run
	D:/Workspace/go_path/pkg/mod/github.com/robfig/cron/v3@v3.0.1/cron.go:136
go-tasks/internal/scheduler.NewTaskScheduler.SkipIfStillRunning.func2.1
	D:/Workspace/go_path/pkg/mod/github.com/robfig/cron/v3@v3.0.1/chain.go:85
github.com/robfig/cron/v3.FuncJob.Run
	D:/Workspace/go_path/pkg/mod/github.com/robfig/cron/v3@v3.0.1/cron.go:136
go-tasks/internal/scheduler.NewTaskScheduler.Recover.func1.1
	D:/Workspace/go_path/pkg/mod/github.com/robfig/cron/v3@v3.0.1/chain.go:53
github.com/robfig/cron/v3.FuncJob.Run
	D:/Workspace/go_path/pkg/mod/github.com/robfig/cron/v3@v3.0.1/cron.go:136
github.com/robfig/cron/v3.(*Cron).startJob.func1
	D:/Workspace/go_path/pkg/mod/github.com/robfig/cron/v3@v3.0.1/cron.go:312

2025-02-11 16:30:02	error	scheduler/grpc_client.go:83	rpc error: code = Unavailable desc = connection error: desc = "transport: Error while dialing: dial tcp 127.0.0.1:50051: connectex: No connection could be made because the target machine actively refused it."
go-tasks/internal/scheduler.ProcessStart
	D:/Workspace/go/go-tasks/internal/scheduler/grpc_client.go:83
go-tasks/internal/scheduler.ProcessCheck
	D:/Workspace/go/go-tasks/internal/scheduler/process.go:48
github.com/robfig/cron/v3.FuncJob.Run
	D:/Workspace/go_path/pkg/mod/github.com/robfig/cron/v3@v3.0.1/cron.go:136
go-tasks/internal/scheduler.NewTaskScheduler.SkipIfStillRunning.func2.1
	D:/Workspace/go_path/pkg/mod/github.com/robfig/cron/v3@v3.0.1/chain.go:85
github.com/robfig/cron/v3.FuncJob.Run
	D:/Workspace/go_path/pkg/mod/github.com/robfig/cron/v3@v3.0.1/cron.go:136
go-tasks/internal/scheduler.NewTaskScheduler.Recover.func1.1
	D:/Workspace/go_path/pkg/mod/github.com/robfig/cron/v3@v3.0.1/chain.go:53
github.com/robfig/cron/v3.FuncJob.Run
	D:/Workspace/go_path/pkg/mod/github.com/robfig/cron/v3@v3.0.1/cron.go:136
github.com/robfig/cron/v3.(*Cron).startJob.func1
	D:/Workspace/go_path/pkg/mod/github.com/robfig/cron/v3@v3.0.1/cron.go:312

2025-02-11 16:35:02	error	scheduler/grpc_client.go:83	rpc error: code = Unavailable desc = connection error: desc = "transport: Error while dialing: dial tcp 127.0.0.1:50051: connectex: No connection could be made because the target machine actively refused it."
go-tasks/internal/scheduler.ProcessStart
	D:/Workspace/go/go-tasks/internal/scheduler/grpc_client.go:83
go-tasks/internal/scheduler.ProcessCheck
	D:/Workspace/go/go-tasks/internal/scheduler/process.go:48
github.com/robfig/cron/v3.FuncJob.Run
	D:/Workspace/go_path/pkg/mod/github.com/robfig/cron/v3@v3.0.1/cron.go:136
go-tasks/internal/scheduler.NewTaskScheduler.SkipIfStillRunning.func2.1
	D:/Workspace/go_path/pkg/mod/github.com/robfig/cron/v3@v3.0.1/chain.go:85
github.com/robfig/cron/v3.FuncJob.Run
	D:/Workspace/go_path/pkg/mod/github.com/robfig/cron/v3@v3.0.1/cron.go:136
go-tasks/internal/scheduler.NewTaskScheduler.Recover.func1.1
	D:/Workspace/go_path/pkg/mod/github.com/robfig/cron/v3@v3.0.1/chain.go:53
github.com/robfig/cron/v3.FuncJob.Run
	D:/Workspace/go_path/pkg/mod/github.com/robfig/cron/v3@v3.0.1/cron.go:136
github.com/robfig/cron/v3.(*Cron).startJob.func1
	D:/Workspace/go_path/pkg/mod/github.com/robfig/cron/v3@v3.0.1/cron.go:312

2025-02-11 16:40:02	error	scheduler/grpc_client.go:83	rpc error: code = Unavailable desc = connection error: desc = "transport: Error while dialing: dial tcp 127.0.0.1:50051: connectex: No connection could be made because the target machine actively refused it."
go-tasks/internal/scheduler.ProcessStart
	D:/Workspace/go/go-tasks/internal/scheduler/grpc_client.go:83
go-tasks/internal/scheduler.ProcessCheck
	D:/Workspace/go/go-tasks/internal/scheduler/process.go:48
github.com/robfig/cron/v3.FuncJob.Run
	D:/Workspace/go_path/pkg/mod/github.com/robfig/cron/v3@v3.0.1/cron.go:136
go-tasks/internal/scheduler.NewTaskScheduler.SkipIfStillRunning.func2.1
	D:/Workspace/go_path/pkg/mod/github.com/robfig/cron/v3@v3.0.1/chain.go:85
github.com/robfig/cron/v3.FuncJob.Run
	D:/Workspace/go_path/pkg/mod/github.com/robfig/cron/v3@v3.0.1/cron.go:136
go-tasks/internal/scheduler.NewTaskScheduler.Recover.func1.1
	D:/Workspace/go_path/pkg/mod/github.com/robfig/cron/v3@v3.0.1/chain.go:53
github.com/robfig/cron/v3.FuncJob.Run
	D:/Workspace/go_path/pkg/mod/github.com/robfig/cron/v3@v3.0.1/cron.go:136
github.com/robfig/cron/v3.(*Cron).startJob.func1
	D:/Workspace/go_path/pkg/mod/github.com/robfig/cron/v3@v3.0.1/cron.go:312

2025-02-11 16:45:02	error	scheduler/grpc_client.go:83	rpc error: code = Unavailable desc = connection error: desc = "transport: Error while dialing: dial tcp 127.0.0.1:50051: connectex: No connection could be made because the target machine actively refused it."
go-tasks/internal/scheduler.ProcessStart
	D:/Workspace/go/go-tasks/internal/scheduler/grpc_client.go:83
go-tasks/internal/scheduler.ProcessCheck
	D:/Workspace/go/go-tasks/internal/scheduler/process.go:48
github.com/robfig/cron/v3.FuncJob.Run
	D:/Workspace/go_path/pkg/mod/github.com/robfig/cron/v3@v3.0.1/cron.go:136
go-tasks/internal/scheduler.NewTaskScheduler.SkipIfStillRunning.func2.1
	D:/Workspace/go_path/pkg/mod/github.com/robfig/cron/v3@v3.0.1/chain.go:85
github.com/robfig/cron/v3.FuncJob.Run
	D:/Workspace/go_path/pkg/mod/github.com/robfig/cron/v3@v3.0.1/cron.go:136
go-tasks/internal/scheduler.NewTaskScheduler.Recover.func1.1
	D:/Workspace/go_path/pkg/mod/github.com/robfig/cron/v3@v3.0.1/chain.go:53
github.com/robfig/cron/v3.FuncJob.Run
	D:/Workspace/go_path/pkg/mod/github.com/robfig/cron/v3@v3.0.1/cron.go:136
github.com/robfig/cron/v3.(*Cron).startJob.func1
	D:/Workspace/go_path/pkg/mod/github.com/robfig/cron/v3@v3.0.1/cron.go:312

2025-02-11 16:50:04	error	scheduler/grpc_client.go:83	rpc error: code = Unavailable desc = connection error: desc = "transport: Error while dialing: dial tcp 127.0.0.1:50051: connectex: No connection could be made because the target machine actively refused it."
go-tasks/internal/scheduler.ProcessStart
	D:/Workspace/go/go-tasks/internal/scheduler/grpc_client.go:83
go-tasks/internal/scheduler.ProcessCheck
	D:/Workspace/go/go-tasks/internal/scheduler/process.go:48
github.com/robfig/cron/v3.FuncJob.Run
	D:/Workspace/go_path/pkg/mod/github.com/robfig/cron/v3@v3.0.1/cron.go:136
go-tasks/internal/scheduler.NewTaskScheduler.SkipIfStillRunning.func2.1
	D:/Workspace/go_path/pkg/mod/github.com/robfig/cron/v3@v3.0.1/chain.go:85
github.com/robfig/cron/v3.FuncJob.Run
	D:/Workspace/go_path/pkg/mod/github.com/robfig/cron/v3@v3.0.1/cron.go:136
go-tasks/internal/scheduler.NewTaskScheduler.Recover.func1.1
	D:/Workspace/go_path/pkg/mod/github.com/robfig/cron/v3@v3.0.1/chain.go:53
github.com/robfig/cron/v3.FuncJob.Run
	D:/Workspace/go_path/pkg/mod/github.com/robfig/cron/v3@v3.0.1/cron.go:136
github.com/robfig/cron/v3.(*Cron).startJob.func1
	D:/Workspace/go_path/pkg/mod/github.com/robfig/cron/v3@v3.0.1/cron.go:312

2025-02-11 16:55:02	error	scheduler/grpc_client.go:83	rpc error: code = Unavailable desc = connection error: desc = "transport: Error while dialing: dial tcp 127.0.0.1:50051: connectex: No connection could be made because the target machine actively refused it."
go-tasks/internal/scheduler.ProcessStart
	D:/Workspace/go/go-tasks/internal/scheduler/grpc_client.go:83
go-tasks/internal/scheduler.ProcessCheck
	D:/Workspace/go/go-tasks/internal/scheduler/process.go:48
github.com/robfig/cron/v3.FuncJob.Run
	D:/Workspace/go_path/pkg/mod/github.com/robfig/cron/v3@v3.0.1/cron.go:136
go-tasks/internal/scheduler.NewTaskScheduler.SkipIfStillRunning.func2.1
	D:/Workspace/go_path/pkg/mod/github.com/robfig/cron/v3@v3.0.1/chain.go:85
github.com/robfig/cron/v3.FuncJob.Run
	D:/Workspace/go_path/pkg/mod/github.com/robfig/cron/v3@v3.0.1/cron.go:136
go-tasks/internal/scheduler.NewTaskScheduler.Recover.func1.1
	D:/Workspace/go_path/pkg/mod/github.com/robfig/cron/v3@v3.0.1/chain.go:53
github.com/robfig/cron/v3.FuncJob.Run
	D:/Workspace/go_path/pkg/mod/github.com/robfig/cron/v3@v3.0.1/cron.go:136
github.com/robfig/cron/v3.(*Cron).startJob.func1
	D:/Workspace/go_path/pkg/mod/github.com/robfig/cron/v3@v3.0.1/cron.go:312

2025-02-11 17:00:02	error	scheduler/grpc_client.go:83	rpc error: code = Unavailable desc = connection error: desc = "transport: Error while dialing: dial tcp 127.0.0.1:50051: connectex: No connection could be made because the target machine actively refused it."
go-tasks/internal/scheduler.ProcessStart
	D:/Workspace/go/go-tasks/internal/scheduler/grpc_client.go:83
go-tasks/internal/scheduler.ProcessCheck
	D:/Workspace/go/go-tasks/internal/scheduler/process.go:48
github.com/robfig/cron/v3.FuncJob.Run
	D:/Workspace/go_path/pkg/mod/github.com/robfig/cron/v3@v3.0.1/cron.go:136
go-tasks/internal/scheduler.NewTaskScheduler.SkipIfStillRunning.func2.1
	D:/Workspace/go_path/pkg/mod/github.com/robfig/cron/v3@v3.0.1/chain.go:85
github.com/robfig/cron/v3.FuncJob.Run
	D:/Workspace/go_path/pkg/mod/github.com/robfig/cron/v3@v3.0.1/cron.go:136
go-tasks/internal/scheduler.NewTaskScheduler.Recover.func1.1
	D:/Workspace/go_path/pkg/mod/github.com/robfig/cron/v3@v3.0.1/chain.go:53
github.com/robfig/cron/v3.FuncJob.Run
	D:/Workspace/go_path/pkg/mod/github.com/robfig/cron/v3@v3.0.1/cron.go:136
github.com/robfig/cron/v3.(*Cron).startJob.func1
	D:/Workspace/go_path/pkg/mod/github.com/robfig/cron/v3@v3.0.1/cron.go:312

2025-02-11 17:05:02	error	scheduler/grpc_client.go:83	rpc error: code = Unavailable desc = connection error: desc = "transport: Error while dialing: dial tcp 127.0.0.1:50051: connectex: No connection could be made because the target machine actively refused it."
go-tasks/internal/scheduler.ProcessStart
	D:/Workspace/go/go-tasks/internal/scheduler/grpc_client.go:83
go-tasks/internal/scheduler.ProcessCheck
	D:/Workspace/go/go-tasks/internal/scheduler/process.go:48
github.com/robfig/cron/v3.FuncJob.Run
	D:/Workspace/go_path/pkg/mod/github.com/robfig/cron/v3@v3.0.1/cron.go:136
go-tasks/internal/scheduler.NewTaskScheduler.SkipIfStillRunning.func2.1
	D:/Workspace/go_path/pkg/mod/github.com/robfig/cron/v3@v3.0.1/chain.go:85
github.com/robfig/cron/v3.FuncJob.Run
	D:/Workspace/go_path/pkg/mod/github.com/robfig/cron/v3@v3.0.1/cron.go:136
go-tasks/internal/scheduler.NewTaskScheduler.Recover.func1.1
	D:/Workspace/go_path/pkg/mod/github.com/robfig/cron/v3@v3.0.1/chain.go:53
github.com/robfig/cron/v3.FuncJob.Run
	D:/Workspace/go_path/pkg/mod/github.com/robfig/cron/v3@v3.0.1/cron.go:136
github.com/robfig/cron/v3.(*Cron).startJob.func1
	D:/Workspace/go_path/pkg/mod/github.com/robfig/cron/v3@v3.0.1/cron.go:312

2025-02-11 17:10:02	error	scheduler/grpc_client.go:83	rpc error: code = Unavailable desc = connection error: desc = "transport: Error while dialing: dial tcp 127.0.0.1:50051: connectex: No connection could be made because the target machine actively refused it."
go-tasks/internal/scheduler.ProcessStart
	D:/Workspace/go/go-tasks/internal/scheduler/grpc_client.go:83
go-tasks/internal/scheduler.ProcessCheck
	D:/Workspace/go/go-tasks/internal/scheduler/process.go:48
github.com/robfig/cron/v3.FuncJob.Run
	D:/Workspace/go_path/pkg/mod/github.com/robfig/cron/v3@v3.0.1/cron.go:136
go-tasks/internal/scheduler.NewTaskScheduler.SkipIfStillRunning.func2.1
	D:/Workspace/go_path/pkg/mod/github.com/robfig/cron/v3@v3.0.1/chain.go:85
github.com/robfig/cron/v3.FuncJob.Run
	D:/Workspace/go_path/pkg/mod/github.com/robfig/cron/v3@v3.0.1/cron.go:136
go-tasks/internal/scheduler.NewTaskScheduler.Recover.func1.1
	D:/Workspace/go_path/pkg/mod/github.com/robfig/cron/v3@v3.0.1/chain.go:53
github.com/robfig/cron/v3.FuncJob.Run
	D:/Workspace/go_path/pkg/mod/github.com/robfig/cron/v3@v3.0.1/cron.go:136
github.com/robfig/cron/v3.(*Cron).startJob.func1
	D:/Workspace/go_path/pkg/mod/github.com/robfig/cron/v3@v3.0.1/cron.go:312

2025-02-11 17:15:02	error	scheduler/grpc_client.go:83	rpc error: code = Unavailable desc = connection error: desc = "transport: Error while dialing: dial tcp 127.0.0.1:50051: connectex: No connection could be made because the target machine actively refused it."
go-tasks/internal/scheduler.ProcessStart
	D:/Workspace/go/go-tasks/internal/scheduler/grpc_client.go:83
go-tasks/internal/scheduler.ProcessCheck
	D:/Workspace/go/go-tasks/internal/scheduler/process.go:48
github.com/robfig/cron/v3.FuncJob.Run
	D:/Workspace/go_path/pkg/mod/github.com/robfig/cron/v3@v3.0.1/cron.go:136
go-tasks/internal/scheduler.NewTaskScheduler.SkipIfStillRunning.func2.1
	D:/Workspace/go_path/pkg/mod/github.com/robfig/cron/v3@v3.0.1/chain.go:85
github.com/robfig/cron/v3.FuncJob.Run
	D:/Workspace/go_path/pkg/mod/github.com/robfig/cron/v3@v3.0.1/cron.go:136
go-tasks/internal/scheduler.NewTaskScheduler.Recover.func1.1
	D:/Workspace/go_path/pkg/mod/github.com/robfig/cron/v3@v3.0.1/chain.go:53
github.com/robfig/cron/v3.FuncJob.Run
	D:/Workspace/go_path/pkg/mod/github.com/robfig/cron/v3@v3.0.1/cron.go:136
github.com/robfig/cron/v3.(*Cron).startJob.func1
	D:/Workspace/go_path/pkg/mod/github.com/robfig/cron/v3@v3.0.1/cron.go:312

2025-02-11 17:20:02	error	scheduler/grpc_client.go:83	rpc error: code = Unavailable desc = connection error: desc = "transport: Error while dialing: dial tcp 127.0.0.1:50051: connectex: No connection could be made because the target machine actively refused it."
go-tasks/internal/scheduler.ProcessStart
	D:/Workspace/go/go-tasks/internal/scheduler/grpc_client.go:83
go-tasks/internal/scheduler.ProcessCheck
	D:/Workspace/go/go-tasks/internal/scheduler/process.go:48
github.com/robfig/cron/v3.FuncJob.Run
	D:/Workspace/go_path/pkg/mod/github.com/robfig/cron/v3@v3.0.1/cron.go:136
go-tasks/internal/scheduler.NewTaskScheduler.SkipIfStillRunning.func2.1
	D:/Workspace/go_path/pkg/mod/github.com/robfig/cron/v3@v3.0.1/chain.go:85
github.com/robfig/cron/v3.FuncJob.Run
	D:/Workspace/go_path/pkg/mod/github.com/robfig/cron/v3@v3.0.1/cron.go:136
go-tasks/internal/scheduler.NewTaskScheduler.Recover.func1.1
	D:/Workspace/go_path/pkg/mod/github.com/robfig/cron/v3@v3.0.1/chain.go:53
github.com/robfig/cron/v3.FuncJob.Run
	D:/Workspace/go_path/pkg/mod/github.com/robfig/cron/v3@v3.0.1/cron.go:136
github.com/robfig/cron/v3.(*Cron).startJob.func1
	D:/Workspace/go_path/pkg/mod/github.com/robfig/cron/v3@v3.0.1/cron.go:312

2025-02-11 17:25:02	error	scheduler/grpc_client.go:83	rpc error: code = Unavailable desc = connection error: desc = "transport: Error while dialing: dial tcp 127.0.0.1:50051: connectex: No connection could be made because the target machine actively refused it."
go-tasks/internal/scheduler.ProcessStart
	D:/Workspace/go/go-tasks/internal/scheduler/grpc_client.go:83
go-tasks/internal/scheduler.ProcessCheck
	D:/Workspace/go/go-tasks/internal/scheduler/process.go:48
github.com/robfig/cron/v3.FuncJob.Run
	D:/Workspace/go_path/pkg/mod/github.com/robfig/cron/v3@v3.0.1/cron.go:136
go-tasks/internal/scheduler.NewTaskScheduler.SkipIfStillRunning.func2.1
	D:/Workspace/go_path/pkg/mod/github.com/robfig/cron/v3@v3.0.1/chain.go:85
github.com/robfig/cron/v3.FuncJob.Run
	D:/Workspace/go_path/pkg/mod/github.com/robfig/cron/v3@v3.0.1/cron.go:136
go-tasks/internal/scheduler.NewTaskScheduler.Recover.func1.1
	D:/Workspace/go_path/pkg/mod/github.com/robfig/cron/v3@v3.0.1/chain.go:53
github.com/robfig/cron/v3.FuncJob.Run
	D:/Workspace/go_path/pkg/mod/github.com/robfig/cron/v3@v3.0.1/cron.go:136
github.com/robfig/cron/v3.(*Cron).startJob.func1
	D:/Workspace/go_path/pkg/mod/github.com/robfig/cron/v3@v3.0.1/cron.go:312

2025-02-11 17:30:02	error	scheduler/grpc_client.go:83	rpc error: code = Unavailable desc = connection error: desc = "transport: Error while dialing: dial tcp 127.0.0.1:50051: connectex: No connection could be made because the target machine actively refused it."
go-tasks/internal/scheduler.ProcessStart
	D:/Workspace/go/go-tasks/internal/scheduler/grpc_client.go:83
go-tasks/internal/scheduler.ProcessCheck
	D:/Workspace/go/go-tasks/internal/scheduler/process.go:48
github.com/robfig/cron/v3.FuncJob.Run
	D:/Workspace/go_path/pkg/mod/github.com/robfig/cron/v3@v3.0.1/cron.go:136
go-tasks/internal/scheduler.NewTaskScheduler.SkipIfStillRunning.func2.1
	D:/Workspace/go_path/pkg/mod/github.com/robfig/cron/v3@v3.0.1/chain.go:85
github.com/robfig/cron/v3.FuncJob.Run
	D:/Workspace/go_path/pkg/mod/github.com/robfig/cron/v3@v3.0.1/cron.go:136
go-tasks/internal/scheduler.NewTaskScheduler.Recover.func1.1
	D:/Workspace/go_path/pkg/mod/github.com/robfig/cron/v3@v3.0.1/chain.go:53
github.com/robfig/cron/v3.FuncJob.Run
	D:/Workspace/go_path/pkg/mod/github.com/robfig/cron/v3@v3.0.1/cron.go:136
github.com/robfig/cron/v3.(*Cron).startJob.func1
	D:/Workspace/go_path/pkg/mod/github.com/robfig/cron/v3@v3.0.1/cron.go:312

