2025-02-05 13:57:11	error	scheduler/grpc_client.go:47	failed to exit idle mode: dns resolver: missing address
go-tasks/internal/scheduler.GetTaskPID
	D:/Workspace/go/go-tasks/internal/scheduler/grpc_client.go:47
go-tasks/master/controllers.TaskDetail
	D:/Workspace/go/go-tasks/master/controllers/task.go:351
github.com/gin-gonic/gin.(*Context).Next
	D:/Workspace/go_path/pkg/mod/github.com/gin-gonic/gin@v1.10.0/context.go:185
go-tasks/master/router.InitRouter.DefaultMiddleware.func2
	D:/Workspace/go/go-tasks/master/middleware/default_middleware.go:79
github.com/gin-gonic/gin.(*Context).Next
	D:/Workspace/go_path/pkg/mod/github.com/gin-gonic/gin@v1.10.0/context.go:185
go-tasks/master/router.InitRouter.Cors.func1
	D:/Workspace/go/go-tasks/master/middleware/core.go:40
github.com/gin-gonic/gin.(*Context).Next
	D:/Workspace/go_path/pkg/mod/github.com/gin-gonic/gin@v1.10.0/context.go:185
github.com/gin-gonic/gin.(*Engine).handleHTTPRequest
	D:/Workspace/go_path/pkg/mod/github.com/gin-gonic/gin@v1.10.0/gin.go:633
github.com/gin-gonic/gin.(*Engine).ServeHTTP
	D:/Workspace/go_path/pkg/mod/github.com/gin-gonic/gin@v1.10.0/gin.go:589
net/http.serverHandler.ServeHTTP
	D:/Workspace/go_path/pkg/mod/golang.org/toolchain@v0.0.1-go1.22.2.windows-amd64/src/net/http/server.go:3137
net/http.(*conn).serve
	D:/Workspace/go_path/pkg/mod/golang.org/toolchain@v0.0.1-go1.22.2.windows-amd64/src/net/http/server.go:2039

2025-02-05 13:57:53	error	scheduler/grpc_client.go:47	failed to exit idle mode: dns resolver: missing address
go-tasks/internal/scheduler.GetTaskPID
	D:/Workspace/go/go-tasks/internal/scheduler/grpc_client.go:47
go-tasks/master/controllers.TaskDetail
	D:/Workspace/go/go-tasks/master/controllers/task.go:351
github.com/gin-gonic/gin.(*Context).Next
	D:/Workspace/go_path/pkg/mod/github.com/gin-gonic/gin@v1.10.0/context.go:185
go-tasks/master/router.InitRouter.DefaultMiddleware.func2
	D:/Workspace/go/go-tasks/master/middleware/default_middleware.go:79
github.com/gin-gonic/gin.(*Context).Next
	D:/Workspace/go_path/pkg/mod/github.com/gin-gonic/gin@v1.10.0/context.go:185
go-tasks/master/router.InitRouter.Cors.func1
	D:/Workspace/go/go-tasks/master/middleware/core.go:40
github.com/gin-gonic/gin.(*Context).Next
	D:/Workspace/go_path/pkg/mod/github.com/gin-gonic/gin@v1.10.0/context.go:185
github.com/gin-gonic/gin.(*Engine).handleHTTPRequest
	D:/Workspace/go_path/pkg/mod/github.com/gin-gonic/gin@v1.10.0/gin.go:633
github.com/gin-gonic/gin.(*Engine).ServeHTTP
	D:/Workspace/go_path/pkg/mod/github.com/gin-gonic/gin@v1.10.0/gin.go:589
net/http.serverHandler.ServeHTTP
	D:/Workspace/go_path/pkg/mod/golang.org/toolchain@v0.0.1-go1.22.2.windows-amd64/src/net/http/server.go:3137
net/http.(*conn).serve
	D:/Workspace/go_path/pkg/mod/golang.org/toolchain@v0.0.1-go1.22.2.windows-amd64/src/net/http/server.go:2039

2025-02-05 13:58:02	error	scheduler/grpc_client.go:47	failed to exit idle mode: dns resolver: missing address
go-tasks/internal/scheduler.GetTaskPID
	D:/Workspace/go/go-tasks/internal/scheduler/grpc_client.go:47
go-tasks/master/controllers.TaskDetail
	D:/Workspace/go/go-tasks/master/controllers/task.go:351
github.com/gin-gonic/gin.(*Context).Next
	D:/Workspace/go_path/pkg/mod/github.com/gin-gonic/gin@v1.10.0/context.go:185
go-tasks/master/router.InitRouter.DefaultMiddleware.func2
	D:/Workspace/go/go-tasks/master/middleware/default_middleware.go:79
github.com/gin-gonic/gin.(*Context).Next
	D:/Workspace/go_path/pkg/mod/github.com/gin-gonic/gin@v1.10.0/context.go:185
go-tasks/master/router.InitRouter.Cors.func1
	D:/Workspace/go/go-tasks/master/middleware/core.go:40
github.com/gin-gonic/gin.(*Context).Next
	D:/Workspace/go_path/pkg/mod/github.com/gin-gonic/gin@v1.10.0/context.go:185
github.com/gin-gonic/gin.(*Engine).handleHTTPRequest
	D:/Workspace/go_path/pkg/mod/github.com/gin-gonic/gin@v1.10.0/gin.go:633
github.com/gin-gonic/gin.(*Engine).ServeHTTP
	D:/Workspace/go_path/pkg/mod/github.com/gin-gonic/gin@v1.10.0/gin.go:589
net/http.serverHandler.ServeHTTP
	D:/Workspace/go_path/pkg/mod/golang.org/toolchain@v0.0.1-go1.22.2.windows-amd64/src/net/http/server.go:3137
net/http.(*conn).serve
	D:/Workspace/go_path/pkg/mod/golang.org/toolchain@v0.0.1-go1.22.2.windows-amd64/src/net/http/server.go:2039

2025-02-05 14:00:00	error	scheduler/grpc_client.go:47	failed to exit idle mode: dns resolver: missing address
go-tasks/internal/scheduler.GetTaskPID
	D:/Workspace/go/go-tasks/internal/scheduler/grpc_client.go:47
go-tasks/master/controllers.TaskDetail
	D:/Workspace/go/go-tasks/master/controllers/task.go:351
github.com/gin-gonic/gin.(*Context).Next
	D:/Workspace/go_path/pkg/mod/github.com/gin-gonic/gin@v1.10.0/context.go:185
go-tasks/master/router.InitRouter.DefaultMiddleware.func2
	D:/Workspace/go/go-tasks/master/middleware/default_middleware.go:79
github.com/gin-gonic/gin.(*Context).Next
	D:/Workspace/go_path/pkg/mod/github.com/gin-gonic/gin@v1.10.0/context.go:185
go-tasks/master/router.InitRouter.Cors.func1
	D:/Workspace/go/go-tasks/master/middleware/core.go:40
github.com/gin-gonic/gin.(*Context).Next
	D:/Workspace/go_path/pkg/mod/github.com/gin-gonic/gin@v1.10.0/context.go:185
github.com/gin-gonic/gin.(*Engine).handleHTTPRequest
	D:/Workspace/go_path/pkg/mod/github.com/gin-gonic/gin@v1.10.0/gin.go:633
github.com/gin-gonic/gin.(*Engine).ServeHTTP
	D:/Workspace/go_path/pkg/mod/github.com/gin-gonic/gin@v1.10.0/gin.go:589
net/http.serverHandler.ServeHTTP
	D:/Workspace/go_path/pkg/mod/golang.org/toolchain@v0.0.1-go1.22.2.windows-amd64/src/net/http/server.go:3137
net/http.(*conn).serve
	D:/Workspace/go_path/pkg/mod/golang.org/toolchain@v0.0.1-go1.22.2.windows-amd64/src/net/http/server.go:2039

2025-02-05 14:04:16	error	scheduler/grpc_client.go:47	failed to exit idle mode: dns resolver: missing address
go-tasks/internal/scheduler.GetTaskPID
	D:/Workspace/go/go-tasks/internal/scheduler/grpc_client.go:47
go-tasks/master/controllers.TaskDetail
	D:/Workspace/go/go-tasks/master/controllers/task.go:351
github.com/gin-gonic/gin.(*Context).Next
	D:/Workspace/go_path/pkg/mod/github.com/gin-gonic/gin@v1.10.0/context.go:185
go-tasks/master/router.InitRouter.DefaultMiddleware.func2
	D:/Workspace/go/go-tasks/master/middleware/default_middleware.go:79
github.com/gin-gonic/gin.(*Context).Next
	D:/Workspace/go_path/pkg/mod/github.com/gin-gonic/gin@v1.10.0/context.go:185
go-tasks/master/router.InitRouter.Cors.func1
	D:/Workspace/go/go-tasks/master/middleware/core.go:40
github.com/gin-gonic/gin.(*Context).Next
	D:/Workspace/go_path/pkg/mod/github.com/gin-gonic/gin@v1.10.0/context.go:185
github.com/gin-gonic/gin.(*Engine).handleHTTPRequest
	D:/Workspace/go_path/pkg/mod/github.com/gin-gonic/gin@v1.10.0/gin.go:633
github.com/gin-gonic/gin.(*Engine).ServeHTTP
	D:/Workspace/go_path/pkg/mod/github.com/gin-gonic/gin@v1.10.0/gin.go:589
net/http.serverHandler.ServeHTTP
	D:/Workspace/go_path/pkg/mod/golang.org/toolchain@v0.0.1-go1.22.2.windows-amd64/src/net/http/server.go:3137
net/http.(*conn).serve
	D:/Workspace/go_path/pkg/mod/golang.org/toolchain@v0.0.1-go1.22.2.windows-amd64/src/net/http/server.go:2039

2025-02-05 14:04:21	error	scheduler/grpc_client.go:47	rpc error: code = Unavailable desc = connection error: desc = "transport: Error while dialing: dial tcp 127.0.0.1:50051: connectex: No connection could be made because the target machine actively refused it."
go-tasks/internal/scheduler.GetTaskPID
	D:/Workspace/go/go-tasks/internal/scheduler/grpc_client.go:47
go-tasks/master/controllers.TaskDetail
	D:/Workspace/go/go-tasks/master/controllers/task.go:351
github.com/gin-gonic/gin.(*Context).Next
	D:/Workspace/go_path/pkg/mod/github.com/gin-gonic/gin@v1.10.0/context.go:185
go-tasks/master/router.InitRouter.DefaultMiddleware.func2
	D:/Workspace/go/go-tasks/master/middleware/default_middleware.go:79
github.com/gin-gonic/gin.(*Context).Next
	D:/Workspace/go_path/pkg/mod/github.com/gin-gonic/gin@v1.10.0/context.go:185
go-tasks/master/router.InitRouter.Cors.func1
	D:/Workspace/go/go-tasks/master/middleware/core.go:40
github.com/gin-gonic/gin.(*Context).Next
	D:/Workspace/go_path/pkg/mod/github.com/gin-gonic/gin@v1.10.0/context.go:185
github.com/gin-gonic/gin.(*Engine).handleHTTPRequest
	D:/Workspace/go_path/pkg/mod/github.com/gin-gonic/gin@v1.10.0/gin.go:633
github.com/gin-gonic/gin.(*Engine).ServeHTTP
	D:/Workspace/go_path/pkg/mod/github.com/gin-gonic/gin@v1.10.0/gin.go:589
net/http.serverHandler.ServeHTTP
	D:/Workspace/go_path/pkg/mod/golang.org/toolchain@v0.0.1-go1.22.2.windows-amd64/src/net/http/server.go:3137
net/http.(*conn).serve
	D:/Workspace/go_path/pkg/mod/golang.org/toolchain@v0.0.1-go1.22.2.windows-amd64/src/net/http/server.go:2039

2025-02-05 14:04:26	error	scheduler/grpc_client.go:47	failed to exit idle mode: dns resolver: missing address
go-tasks/internal/scheduler.GetTaskPID
	D:/Workspace/go/go-tasks/internal/scheduler/grpc_client.go:47
go-tasks/master/controllers.TaskDetail
	D:/Workspace/go/go-tasks/master/controllers/task.go:351
github.com/gin-gonic/gin.(*Context).Next
	D:/Workspace/go_path/pkg/mod/github.com/gin-gonic/gin@v1.10.0/context.go:185
go-tasks/master/router.InitRouter.DefaultMiddleware.func2
	D:/Workspace/go/go-tasks/master/middleware/default_middleware.go:79
github.com/gin-gonic/gin.(*Context).Next
	D:/Workspace/go_path/pkg/mod/github.com/gin-gonic/gin@v1.10.0/context.go:185
go-tasks/master/router.InitRouter.Cors.func1
	D:/Workspace/go/go-tasks/master/middleware/core.go:40
github.com/gin-gonic/gin.(*Context).Next
	D:/Workspace/go_path/pkg/mod/github.com/gin-gonic/gin@v1.10.0/context.go:185
github.com/gin-gonic/gin.(*Engine).handleHTTPRequest
	D:/Workspace/go_path/pkg/mod/github.com/gin-gonic/gin@v1.10.0/gin.go:633
github.com/gin-gonic/gin.(*Engine).ServeHTTP
	D:/Workspace/go_path/pkg/mod/github.com/gin-gonic/gin@v1.10.0/gin.go:589
net/http.serverHandler.ServeHTTP
	D:/Workspace/go_path/pkg/mod/golang.org/toolchain@v0.0.1-go1.22.2.windows-amd64/src/net/http/server.go:3137
net/http.(*conn).serve
	D:/Workspace/go_path/pkg/mod/golang.org/toolchain@v0.0.1-go1.22.2.windows-amd64/src/net/http/server.go:2039

2025-02-05 14:04:29	error	scheduler/grpc_client.go:47	failed to exit idle mode: dns resolver: missing address
go-tasks/internal/scheduler.GetTaskPID
	D:/Workspace/go/go-tasks/internal/scheduler/grpc_client.go:47
go-tasks/master/controllers.TaskDetail
	D:/Workspace/go/go-tasks/master/controllers/task.go:351
github.com/gin-gonic/gin.(*Context).Next
	D:/Workspace/go_path/pkg/mod/github.com/gin-gonic/gin@v1.10.0/context.go:185
go-tasks/master/router.InitRouter.DefaultMiddleware.func2
	D:/Workspace/go/go-tasks/master/middleware/default_middleware.go:79
github.com/gin-gonic/gin.(*Context).Next
	D:/Workspace/go_path/pkg/mod/github.com/gin-gonic/gin@v1.10.0/context.go:185
go-tasks/master/router.InitRouter.Cors.func1
	D:/Workspace/go/go-tasks/master/middleware/core.go:40
github.com/gin-gonic/gin.(*Context).Next
	D:/Workspace/go_path/pkg/mod/github.com/gin-gonic/gin@v1.10.0/context.go:185
github.com/gin-gonic/gin.(*Engine).handleHTTPRequest
	D:/Workspace/go_path/pkg/mod/github.com/gin-gonic/gin@v1.10.0/gin.go:633
github.com/gin-gonic/gin.(*Engine).ServeHTTP
	D:/Workspace/go_path/pkg/mod/github.com/gin-gonic/gin@v1.10.0/gin.go:589
net/http.serverHandler.ServeHTTP
	D:/Workspace/go_path/pkg/mod/golang.org/toolchain@v0.0.1-go1.22.2.windows-amd64/src/net/http/server.go:3137
net/http.(*conn).serve
	D:/Workspace/go_path/pkg/mod/golang.org/toolchain@v0.0.1-go1.22.2.windows-amd64/src/net/http/server.go:2039

2025-02-05 14:04:50	error	scheduler/grpc_client.go:47	rpc error: code = Unavailable desc = connection error: desc = "transport: Error while dialing: dial tcp 127.0.0.1:50051: connectex: No connection could be made because the target machine actively refused it."
go-tasks/internal/scheduler.GetTaskPID
	D:/Workspace/go/go-tasks/internal/scheduler/grpc_client.go:47
go-tasks/master/controllers.TaskDetail
	D:/Workspace/go/go-tasks/master/controllers/task.go:351
github.com/gin-gonic/gin.(*Context).Next
	D:/Workspace/go_path/pkg/mod/github.com/gin-gonic/gin@v1.10.0/context.go:185
go-tasks/master/router.InitRouter.DefaultMiddleware.func2
	D:/Workspace/go/go-tasks/master/middleware/default_middleware.go:79
github.com/gin-gonic/gin.(*Context).Next
	D:/Workspace/go_path/pkg/mod/github.com/gin-gonic/gin@v1.10.0/context.go:185
go-tasks/master/router.InitRouter.Cors.func1
	D:/Workspace/go/go-tasks/master/middleware/core.go:40
github.com/gin-gonic/gin.(*Context).Next
	D:/Workspace/go_path/pkg/mod/github.com/gin-gonic/gin@v1.10.0/context.go:185
github.com/gin-gonic/gin.(*Engine).handleHTTPRequest
	D:/Workspace/go_path/pkg/mod/github.com/gin-gonic/gin@v1.10.0/gin.go:633
github.com/gin-gonic/gin.(*Engine).ServeHTTP
	D:/Workspace/go_path/pkg/mod/github.com/gin-gonic/gin@v1.10.0/gin.go:589
net/http.serverHandler.ServeHTTP
	D:/Workspace/go_path/pkg/mod/golang.org/toolchain@v0.0.1-go1.22.2.windows-amd64/src/net/http/server.go:3137
net/http.(*conn).serve
	D:/Workspace/go_path/pkg/mod/golang.org/toolchain@v0.0.1-go1.22.2.windows-amd64/src/net/http/server.go:2039

2025-02-05 14:08:30	error	scheduler/grpc_client.go:47	rpc error: code = Unavailable desc = connection error: desc = "transport: Error while dialing: dial tcp 127.0.0.1:50051: connectex: No connection could be made because the target machine actively refused it."
go-tasks/internal/scheduler.GetTaskPID
	D:/Workspace/go/go-tasks/internal/scheduler/grpc_client.go:47
go-tasks/master/controllers.TaskDetail
	D:/Workspace/go/go-tasks/master/controllers/task.go:351
github.com/gin-gonic/gin.(*Context).Next
	D:/Workspace/go_path/pkg/mod/github.com/gin-gonic/gin@v1.10.0/context.go:185
go-tasks/master/router.InitRouter.DefaultMiddleware.func2
	D:/Workspace/go/go-tasks/master/middleware/default_middleware.go:79
github.com/gin-gonic/gin.(*Context).Next
	D:/Workspace/go_path/pkg/mod/github.com/gin-gonic/gin@v1.10.0/context.go:185
go-tasks/master/router.InitRouter.Cors.func1
	D:/Workspace/go/go-tasks/master/middleware/core.go:40
github.com/gin-gonic/gin.(*Context).Next
	D:/Workspace/go_path/pkg/mod/github.com/gin-gonic/gin@v1.10.0/context.go:185
github.com/gin-gonic/gin.(*Engine).handleHTTPRequest
	D:/Workspace/go_path/pkg/mod/github.com/gin-gonic/gin@v1.10.0/gin.go:633
github.com/gin-gonic/gin.(*Engine).ServeHTTP
	D:/Workspace/go_path/pkg/mod/github.com/gin-gonic/gin@v1.10.0/gin.go:589
net/http.serverHandler.ServeHTTP
	D:/Workspace/go_path/pkg/mod/golang.org/toolchain@v0.0.1-go1.22.2.windows-amd64/src/net/http/server.go:3137
net/http.(*conn).serve
	D:/Workspace/go_path/pkg/mod/golang.org/toolchain@v0.0.1-go1.22.2.windows-amd64/src/net/http/server.go:2039

2025-02-05 14:09:44	error	scheduler/grpc_client.go:47	rpc error: code = Unavailable desc = connection error: desc = "transport: Error while dialing: dial tcp 127.0.0.1:50051: connectex: No connection could be made because the target machine actively refused it."
go-tasks/internal/scheduler.GetTaskPID
	D:/Workspace/go/go-tasks/internal/scheduler/grpc_client.go:47
go-tasks/master/controllers.TaskDetail
	D:/Workspace/go/go-tasks/master/controllers/task.go:351
github.com/gin-gonic/gin.(*Context).Next
	D:/Workspace/go_path/pkg/mod/github.com/gin-gonic/gin@v1.10.0/context.go:185
go-tasks/master/router.InitRouter.DefaultMiddleware.func2
	D:/Workspace/go/go-tasks/master/middleware/default_middleware.go:79
github.com/gin-gonic/gin.(*Context).Next
	D:/Workspace/go_path/pkg/mod/github.com/gin-gonic/gin@v1.10.0/context.go:185
go-tasks/master/router.InitRouter.Cors.func1
	D:/Workspace/go/go-tasks/master/middleware/core.go:40
github.com/gin-gonic/gin.(*Context).Next
	D:/Workspace/go_path/pkg/mod/github.com/gin-gonic/gin@v1.10.0/context.go:185
github.com/gin-gonic/gin.(*Engine).handleHTTPRequest
	D:/Workspace/go_path/pkg/mod/github.com/gin-gonic/gin@v1.10.0/gin.go:633
github.com/gin-gonic/gin.(*Engine).ServeHTTP
	D:/Workspace/go_path/pkg/mod/github.com/gin-gonic/gin@v1.10.0/gin.go:589
net/http.serverHandler.ServeHTTP
	D:/Workspace/go_path/pkg/mod/golang.org/toolchain@v0.0.1-go1.22.2.windows-amd64/src/net/http/server.go:3137
net/http.(*conn).serve
	D:/Workspace/go_path/pkg/mod/golang.org/toolchain@v0.0.1-go1.22.2.windows-amd64/src/net/http/server.go:2039

2025-02-05 14:20:01	error	scheduler/grpc_client.go:47	failed to exit idle mode: dns resolver: missing address
go-tasks/internal/scheduler.GetTaskPID
	D:/Workspace/go/go-tasks/internal/scheduler/grpc_client.go:47
go-tasks/master/controllers.TaskDetail
	D:/Workspace/go/go-tasks/master/controllers/task.go:351
github.com/gin-gonic/gin.(*Context).Next
	D:/Workspace/go_path/pkg/mod/github.com/gin-gonic/gin@v1.10.0/context.go:185
go-tasks/master/router.InitRouter.DefaultMiddleware.func2
	D:/Workspace/go/go-tasks/master/middleware/default_middleware.go:79
github.com/gin-gonic/gin.(*Context).Next
	D:/Workspace/go_path/pkg/mod/github.com/gin-gonic/gin@v1.10.0/context.go:185
go-tasks/master/router.InitRouter.Cors.func1
	D:/Workspace/go/go-tasks/master/middleware/core.go:40
github.com/gin-gonic/gin.(*Context).Next
	D:/Workspace/go_path/pkg/mod/github.com/gin-gonic/gin@v1.10.0/context.go:185
github.com/gin-gonic/gin.(*Engine).handleHTTPRequest
	D:/Workspace/go_path/pkg/mod/github.com/gin-gonic/gin@v1.10.0/gin.go:633
github.com/gin-gonic/gin.(*Engine).ServeHTTP
	D:/Workspace/go_path/pkg/mod/github.com/gin-gonic/gin@v1.10.0/gin.go:589
net/http.serverHandler.ServeHTTP
	D:/Workspace/go_path/pkg/mod/golang.org/toolchain@v0.0.1-go1.22.2.windows-amd64/src/net/http/server.go:3137
net/http.(*conn).serve
	D:/Workspace/go_path/pkg/mod/golang.org/toolchain@v0.0.1-go1.22.2.windows-amd64/src/net/http/server.go:2039

2025-02-05 14:20:06	error	scheduler/grpc_client.go:47	failed to exit idle mode: dns resolver: missing address
go-tasks/internal/scheduler.GetTaskPID
	D:/Workspace/go/go-tasks/internal/scheduler/grpc_client.go:47
go-tasks/master/controllers.TaskDetail
	D:/Workspace/go/go-tasks/master/controllers/task.go:351
github.com/gin-gonic/gin.(*Context).Next
	D:/Workspace/go_path/pkg/mod/github.com/gin-gonic/gin@v1.10.0/context.go:185
go-tasks/master/router.InitRouter.DefaultMiddleware.func2
	D:/Workspace/go/go-tasks/master/middleware/default_middleware.go:79
github.com/gin-gonic/gin.(*Context).Next
	D:/Workspace/go_path/pkg/mod/github.com/gin-gonic/gin@v1.10.0/context.go:185
go-tasks/master/router.InitRouter.Cors.func1
	D:/Workspace/go/go-tasks/master/middleware/core.go:40
github.com/gin-gonic/gin.(*Context).Next
	D:/Workspace/go_path/pkg/mod/github.com/gin-gonic/gin@v1.10.0/context.go:185
github.com/gin-gonic/gin.(*Engine).handleHTTPRequest
	D:/Workspace/go_path/pkg/mod/github.com/gin-gonic/gin@v1.10.0/gin.go:633
github.com/gin-gonic/gin.(*Engine).ServeHTTP
	D:/Workspace/go_path/pkg/mod/github.com/gin-gonic/gin@v1.10.0/gin.go:589
net/http.serverHandler.ServeHTTP
	D:/Workspace/go_path/pkg/mod/golang.org/toolchain@v0.0.1-go1.22.2.windows-amd64/src/net/http/server.go:3137
net/http.(*conn).serve
	D:/Workspace/go_path/pkg/mod/golang.org/toolchain@v0.0.1-go1.22.2.windows-amd64/src/net/http/server.go:2039

2025-02-05 14:20:38	error	scheduler/grpc_client.go:47	failed to exit idle mode: dns resolver: missing address
go-tasks/internal/scheduler.GetTaskPID
	D:/Workspace/go/go-tasks/internal/scheduler/grpc_client.go:47
go-tasks/master/controllers.TaskDetail
	D:/Workspace/go/go-tasks/master/controllers/task.go:351
github.com/gin-gonic/gin.(*Context).Next
	D:/Workspace/go_path/pkg/mod/github.com/gin-gonic/gin@v1.10.0/context.go:185
go-tasks/master/router.InitRouter.DefaultMiddleware.func2
	D:/Workspace/go/go-tasks/master/middleware/default_middleware.go:79
github.com/gin-gonic/gin.(*Context).Next
	D:/Workspace/go_path/pkg/mod/github.com/gin-gonic/gin@v1.10.0/context.go:185
go-tasks/master/router.InitRouter.Cors.func1
	D:/Workspace/go/go-tasks/master/middleware/core.go:40
github.com/gin-gonic/gin.(*Context).Next
	D:/Workspace/go_path/pkg/mod/github.com/gin-gonic/gin@v1.10.0/context.go:185
github.com/gin-gonic/gin.(*Engine).handleHTTPRequest
	D:/Workspace/go_path/pkg/mod/github.com/gin-gonic/gin@v1.10.0/gin.go:633
github.com/gin-gonic/gin.(*Engine).ServeHTTP
	D:/Workspace/go_path/pkg/mod/github.com/gin-gonic/gin@v1.10.0/gin.go:589
net/http.serverHandler.ServeHTTP
	D:/Workspace/go_path/pkg/mod/golang.org/toolchain@v0.0.1-go1.22.2.windows-amd64/src/net/http/server.go:3137
net/http.(*conn).serve
	D:/Workspace/go_path/pkg/mod/golang.org/toolchain@v0.0.1-go1.22.2.windows-amd64/src/net/http/server.go:2039

2025-02-05 14:21:23	error	scheduler/grpc_client.go:47	failed to exit idle mode: dns resolver: missing address
go-tasks/internal/scheduler.GetTaskPID
	D:/Workspace/go/go-tasks/internal/scheduler/grpc_client.go:47
go-tasks/master/controllers.TaskDetail
	D:/Workspace/go/go-tasks/master/controllers/task.go:351
github.com/gin-gonic/gin.(*Context).Next
	D:/Workspace/go_path/pkg/mod/github.com/gin-gonic/gin@v1.10.0/context.go:185
go-tasks/master/router.InitRouter.DefaultMiddleware.func2
	D:/Workspace/go/go-tasks/master/middleware/default_middleware.go:79
github.com/gin-gonic/gin.(*Context).Next
	D:/Workspace/go_path/pkg/mod/github.com/gin-gonic/gin@v1.10.0/context.go:185
go-tasks/master/router.InitRouter.Cors.func1
	D:/Workspace/go/go-tasks/master/middleware/core.go:40
github.com/gin-gonic/gin.(*Context).Next
	D:/Workspace/go_path/pkg/mod/github.com/gin-gonic/gin@v1.10.0/context.go:185
github.com/gin-gonic/gin.(*Engine).handleHTTPRequest
	D:/Workspace/go_path/pkg/mod/github.com/gin-gonic/gin@v1.10.0/gin.go:633
github.com/gin-gonic/gin.(*Engine).ServeHTTP
	D:/Workspace/go_path/pkg/mod/github.com/gin-gonic/gin@v1.10.0/gin.go:589
net/http.serverHandler.ServeHTTP
	D:/Workspace/go_path/pkg/mod/golang.org/toolchain@v0.0.1-go1.22.2.windows-amd64/src/net/http/server.go:3137
net/http.(*conn).serve
	D:/Workspace/go_path/pkg/mod/golang.org/toolchain@v0.0.1-go1.22.2.windows-amd64/src/net/http/server.go:2039

2025-02-05 14:23:22	error	scheduler/grpc_client.go:47	failed to exit idle mode: dns resolver: missing address
go-tasks/internal/scheduler.GetTaskPID
	D:/Workspace/go/go-tasks/internal/scheduler/grpc_client.go:47
go-tasks/master/controllers.TaskDetail
	D:/Workspace/go/go-tasks/master/controllers/task.go:351
github.com/gin-gonic/gin.(*Context).Next
	D:/Workspace/go_path/pkg/mod/github.com/gin-gonic/gin@v1.10.0/context.go:185
go-tasks/master/router.InitRouter.DefaultMiddleware.func2
	D:/Workspace/go/go-tasks/master/middleware/default_middleware.go:79
github.com/gin-gonic/gin.(*Context).Next
	D:/Workspace/go_path/pkg/mod/github.com/gin-gonic/gin@v1.10.0/context.go:185
go-tasks/master/router.InitRouter.Cors.func1
	D:/Workspace/go/go-tasks/master/middleware/core.go:40
github.com/gin-gonic/gin.(*Context).Next
	D:/Workspace/go_path/pkg/mod/github.com/gin-gonic/gin@v1.10.0/context.go:185
github.com/gin-gonic/gin.(*Engine).handleHTTPRequest
	D:/Workspace/go_path/pkg/mod/github.com/gin-gonic/gin@v1.10.0/gin.go:633
github.com/gin-gonic/gin.(*Engine).ServeHTTP
	D:/Workspace/go_path/pkg/mod/github.com/gin-gonic/gin@v1.10.0/gin.go:589
net/http.serverHandler.ServeHTTP
	D:/Workspace/go_path/pkg/mod/golang.org/toolchain@v0.0.1-go1.22.2.windows-amd64/src/net/http/server.go:3137
net/http.(*conn).serve
	D:/Workspace/go_path/pkg/mod/golang.org/toolchain@v0.0.1-go1.22.2.windows-amd64/src/net/http/server.go:2039

2025-02-05 14:24:04	error	scheduler/grpc_client.go:47	failed to exit idle mode: dns resolver: missing address
go-tasks/internal/scheduler.GetTaskPID
	D:/Workspace/go/go-tasks/internal/scheduler/grpc_client.go:47
go-tasks/master/controllers.TaskDetail
	D:/Workspace/go/go-tasks/master/controllers/task.go:351
github.com/gin-gonic/gin.(*Context).Next
	D:/Workspace/go_path/pkg/mod/github.com/gin-gonic/gin@v1.10.0/context.go:185
go-tasks/master/router.InitRouter.DefaultMiddleware.func2
	D:/Workspace/go/go-tasks/master/middleware/default_middleware.go:79
github.com/gin-gonic/gin.(*Context).Next
	D:/Workspace/go_path/pkg/mod/github.com/gin-gonic/gin@v1.10.0/context.go:185
go-tasks/master/router.InitRouter.Cors.func1
	D:/Workspace/go/go-tasks/master/middleware/core.go:40
github.com/gin-gonic/gin.(*Context).Next
	D:/Workspace/go_path/pkg/mod/github.com/gin-gonic/gin@v1.10.0/context.go:185
github.com/gin-gonic/gin.(*Engine).handleHTTPRequest
	D:/Workspace/go_path/pkg/mod/github.com/gin-gonic/gin@v1.10.0/gin.go:633
github.com/gin-gonic/gin.(*Engine).ServeHTTP
	D:/Workspace/go_path/pkg/mod/github.com/gin-gonic/gin@v1.10.0/gin.go:589
net/http.serverHandler.ServeHTTP
	D:/Workspace/go_path/pkg/mod/golang.org/toolchain@v0.0.1-go1.22.2.windows-amd64/src/net/http/server.go:3137
net/http.(*conn).serve
	D:/Workspace/go_path/pkg/mod/golang.org/toolchain@v0.0.1-go1.22.2.windows-amd64/src/net/http/server.go:2039

2025-02-05 14:30:56	error	scheduler/grpc_client.go:47	failed to exit idle mode: dns resolver: missing address
go-tasks/internal/scheduler.GetTaskPID
	D:/Workspace/go/go-tasks/internal/scheduler/grpc_client.go:47
go-tasks/master/controllers.TaskDetail
	D:/Workspace/go/go-tasks/master/controllers/task.go:351
github.com/gin-gonic/gin.(*Context).Next
	D:/Workspace/go_path/pkg/mod/github.com/gin-gonic/gin@v1.10.0/context.go:185
go-tasks/master/router.InitRouter.DefaultMiddleware.func2
	D:/Workspace/go/go-tasks/master/middleware/default_middleware.go:79
github.com/gin-gonic/gin.(*Context).Next
	D:/Workspace/go_path/pkg/mod/github.com/gin-gonic/gin@v1.10.0/context.go:185
go-tasks/master/router.InitRouter.Cors.func1
	D:/Workspace/go/go-tasks/master/middleware/core.go:40
github.com/gin-gonic/gin.(*Context).Next
	D:/Workspace/go_path/pkg/mod/github.com/gin-gonic/gin@v1.10.0/context.go:185
github.com/gin-gonic/gin.(*Engine).handleHTTPRequest
	D:/Workspace/go_path/pkg/mod/github.com/gin-gonic/gin@v1.10.0/gin.go:633
github.com/gin-gonic/gin.(*Engine).ServeHTTP
	D:/Workspace/go_path/pkg/mod/github.com/gin-gonic/gin@v1.10.0/gin.go:589
net/http.serverHandler.ServeHTTP
	D:/Workspace/go_path/pkg/mod/golang.org/toolchain@v0.0.1-go1.22.2.windows-amd64/src/net/http/server.go:3137
net/http.(*conn).serve
	D:/Workspace/go_path/pkg/mod/golang.org/toolchain@v0.0.1-go1.22.2.windows-amd64/src/net/http/server.go:2039

2025-02-05 14:32:09	error	scheduler/grpc_client.go:47	failed to exit idle mode: dns resolver: missing address
go-tasks/internal/scheduler.GetTaskPID
	D:/Workspace/go/go-tasks/internal/scheduler/grpc_client.go:47
go-tasks/master/controllers.TaskDetail
	D:/Workspace/go/go-tasks/master/controllers/task.go:351
github.com/gin-gonic/gin.(*Context).Next
	D:/Workspace/go_path/pkg/mod/github.com/gin-gonic/gin@v1.10.0/context.go:185
go-tasks/master/router.InitRouter.DefaultMiddleware.func2
	D:/Workspace/go/go-tasks/master/middleware/default_middleware.go:79
github.com/gin-gonic/gin.(*Context).Next
	D:/Workspace/go_path/pkg/mod/github.com/gin-gonic/gin@v1.10.0/context.go:185
go-tasks/master/router.InitRouter.Cors.func1
	D:/Workspace/go/go-tasks/master/middleware/core.go:40
github.com/gin-gonic/gin.(*Context).Next
	D:/Workspace/go_path/pkg/mod/github.com/gin-gonic/gin@v1.10.0/context.go:185
github.com/gin-gonic/gin.(*Engine).handleHTTPRequest
	D:/Workspace/go_path/pkg/mod/github.com/gin-gonic/gin@v1.10.0/gin.go:633
github.com/gin-gonic/gin.(*Engine).ServeHTTP
	D:/Workspace/go_path/pkg/mod/github.com/gin-gonic/gin@v1.10.0/gin.go:589
net/http.serverHandler.ServeHTTP
	D:/Workspace/go_path/pkg/mod/golang.org/toolchain@v0.0.1-go1.22.2.windows-amd64/src/net/http/server.go:3137
net/http.(*conn).serve
	D:/Workspace/go_path/pkg/mod/golang.org/toolchain@v0.0.1-go1.22.2.windows-amd64/src/net/http/server.go:2039

2025-02-05 14:42:38	error	scheduler/grpc_client.go:47	failed to exit idle mode: dns resolver: missing address
go-tasks/internal/scheduler.GetTaskPID
	D:/Workspace/go/go-tasks/internal/scheduler/grpc_client.go:47
go-tasks/master/controllers.TaskDetail
	D:/Workspace/go/go-tasks/master/controllers/task.go:351
github.com/gin-gonic/gin.(*Context).Next
	D:/Workspace/go_path/pkg/mod/github.com/gin-gonic/gin@v1.10.0/context.go:185
go-tasks/master/router.InitRouter.DefaultMiddleware.func2
	D:/Workspace/go/go-tasks/master/middleware/default_middleware.go:79
github.com/gin-gonic/gin.(*Context).Next
	D:/Workspace/go_path/pkg/mod/github.com/gin-gonic/gin@v1.10.0/context.go:185
go-tasks/master/router.InitRouter.Cors.func1
	D:/Workspace/go/go-tasks/master/middleware/core.go:40
github.com/gin-gonic/gin.(*Context).Next
	D:/Workspace/go_path/pkg/mod/github.com/gin-gonic/gin@v1.10.0/context.go:185
github.com/gin-gonic/gin.(*Engine).handleHTTPRequest
	D:/Workspace/go_path/pkg/mod/github.com/gin-gonic/gin@v1.10.0/gin.go:633
github.com/gin-gonic/gin.(*Engine).ServeHTTP
	D:/Workspace/go_path/pkg/mod/github.com/gin-gonic/gin@v1.10.0/gin.go:589
net/http.serverHandler.ServeHTTP
	D:/Workspace/go_path/pkg/mod/golang.org/toolchain@v0.0.1-go1.22.2.windows-amd64/src/net/http/server.go:3137
net/http.(*conn).serve
	D:/Workspace/go_path/pkg/mod/golang.org/toolchain@v0.0.1-go1.22.2.windows-amd64/src/net/http/server.go:2039

2025-02-05 15:05:14	error	executor/process.go:191	processNoticeError: failed to exit idle mode: invalid target address http://127.0.0.1:50050, error info: address http://127.0.0.1:50050:443: too many colons in address
go-tasks/internal/executor.(*Process).processNotice
	D:/Workspace/go/go-tasks/internal/executor/process.go:191
go-tasks/internal/executor.(*Process).Start
	D:/Workspace/go/go-tasks/internal/executor/process.go:106

